GAS LISTING C:\Users\Karzan\AppData\Local\Temp\cc7tGMlp.s 			page 1


   1              		.file	"sbrk.c"
   2              		.option nopic
   3              		.attribute arch, "rv32i2p0_m2p0_a2p0_c2p0"
   4              		.attribute unaligned_access, 0
   5              		.attribute stack_align, 16
   6              		.text
   7              	.Ltext0:
   8              		.cfi_sections	.debug_frame
   9              		.section	.text._sbrk,"ax",@progbits
  10              		.align	1
  11              		.globl	_sbrk
  13              	_sbrk:
  14              	.LFB0:
  15              		.file 1 "./../../firmware/RISCV/stubs/sbrk.c"
   1:./../../firmware/RISCV/stubs/sbrk.c **** /* See LICENSE of license details. */
   2:./../../firmware/RISCV/stubs/sbrk.c **** 
   3:./../../firmware/RISCV/stubs/sbrk.c **** #include <stddef.h>
   4:./../../firmware/RISCV/stubs/sbrk.c **** 
   5:./../../firmware/RISCV/stubs/sbrk.c **** void *_sbrk(ptrdiff_t incr)
   6:./../../firmware/RISCV/stubs/sbrk.c **** {
  16              		.loc 1 6 1
  17              		.cfi_startproc
  18              	.LVL0:
   7:./../../firmware/RISCV/stubs/sbrk.c ****   extern char _end[];
  19              		.loc 1 7 3
   8:./../../firmware/RISCV/stubs/sbrk.c ****   extern char _heap_end[];
  20              		.loc 1 8 3
   9:./../../firmware/RISCV/stubs/sbrk.c ****   static char *curbrk = _end;
  21              		.loc 1 9 3
  10:./../../firmware/RISCV/stubs/sbrk.c **** 
  11:./../../firmware/RISCV/stubs/sbrk.c ****   if ((curbrk + incr < _end) || (curbrk + incr > _heap_end))
  22              		.loc 1 11 3
  23              		.loc 1 11 15 is_stmt 0
  24 0000 37070000 		lui	a4,%hi(.LANCHOR0)
  25 0004 13070700 		addi	a4,a4,%lo(.LANCHOR0)
  26 0008 1C43     		lw	a5,0(a4)
  27              		.loc 1 11 6
  28 000a B7060000 		lui	a3,%hi(_end)
  29 000e 93860600 		addi	a3,a3,%lo(_end)
  30              		.loc 1 11 15
  31 0012 3E95     		add	a0,a5,a0
  32              	.LVL1:
  33              		.loc 1 11 6
  34 0014 636BD500 		bltu	a0,a3,.L4
  35              		.loc 1 11 30 discriminator 1
  36 0018 B7060000 		lui	a3,%hi(_heap_end)
  37 001c 93860600 		addi	a3,a3,%lo(_heap_end)
  38 0020 63E5A600 		bgtu	a0,a3,.L4
  12:./../../firmware/RISCV/stubs/sbrk.c ****     return NULL - 1;
  13:./../../firmware/RISCV/stubs/sbrk.c **** 
  14:./../../firmware/RISCV/stubs/sbrk.c ****   curbrk += incr;
  39              		.loc 1 14 3 is_stmt 1
  40              		.loc 1 14 10 is_stmt 0
  41 0024 08C3     		sw	a0,0(a4)
  15:./../../firmware/RISCV/stubs/sbrk.c ****   return curbrk - incr;
  42              		.loc 1 15 3 is_stmt 1
  43              	.L1:
GAS LISTING C:\Users\Karzan\AppData\Local\Temp\cc7tGMlp.s 			page 2


  16:./../../firmware/RISCV/stubs/sbrk.c **** }...
  44              		.loc 1 16 1 is_stmt 0
  45 0026 3E85     		mv	a0,a5
  46 0028 8280     		ret
  47              	.L4:
  12:./../../firmware/RISCV/stubs/sbrk.c ****     return NULL - 1;
  48              		.loc 1 12 17
  49 002a FD57     		li	a5,-1
  50 002c EDBF     		j	.L1
  51              		.cfi_endproc
  52              	.LFE0:
  54              		.section	.sdata.curbrk.1524,"aw"
  55              		.align	2
  56              		.set	.LANCHOR0,. + 0
  59              	curbrk.1524:
  60 0000 00000000 		.word	_end
  61              		.text
  62              	.Letext0:
  63              		.file 2 "c:\\users\\karzan\\downloads\\toolchain-gd32v-v202-win\\toolchain-gd32v-v202-win\\compile
GAS LISTING C:\Users\Karzan\AppData\Local\Temp\cc7tGMlp.s 			page 3


DEFINED SYMBOLS
                            *ABS*:0000000000000000 sbrk.c
C:\Users\Karzan\AppData\Local\Temp\cc7tGMlp.s:13     .text._sbrk:0000000000000000 _sbrk
C:\Users\Karzan\AppData\Local\Temp\cc7tGMlp.s:17     .text._sbrk:0000000000000000 .L0 
C:\Users\Karzan\AppData\Local\Temp\cc7tGMlp.s:19     .text._sbrk:0000000000000000 .L0 
C:\Users\Karzan\AppData\Local\Temp\cc7tGMlp.s:20     .text._sbrk:0000000000000000 .L0 
C:\Users\Karzan\AppData\Local\Temp\cc7tGMlp.s:21     .text._sbrk:0000000000000000 .L0 
C:\Users\Karzan\AppData\Local\Temp\cc7tGMlp.s:22     .text._sbrk:0000000000000000 .L0 
C:\Users\Karzan\AppData\Local\Temp\cc7tGMlp.s:23     .text._sbrk:0000000000000000 .L0 
C:\Users\Karzan\AppData\Local\Temp\cc7tGMlp.s:24     .text._sbrk:0000000000000000 .L0 
C:\Users\Karzan\AppData\Local\Temp\cc7tGMlp.s:28     .text._sbrk:000000000000000a .L0 
C:\Users\Karzan\AppData\Local\Temp\cc7tGMlp.s:31     .text._sbrk:0000000000000012 .L0 
C:\Users\Karzan\AppData\Local\Temp\cc7tGMlp.s:34     .text._sbrk:0000000000000014 .L0 
C:\Users\Karzan\AppData\Local\Temp\cc7tGMlp.s:36     .text._sbrk:0000000000000018 .L0 
C:\Users\Karzan\AppData\Local\Temp\cc7tGMlp.s:40     .text._sbrk:0000000000000024 .L0 
C:\Users\Karzan\AppData\Local\Temp\cc7tGMlp.s:41     .text._sbrk:0000000000000024 .L0 
C:\Users\Karzan\AppData\Local\Temp\cc7tGMlp.s:44     .text._sbrk:0000000000000026 .L0 
C:\Users\Karzan\AppData\Local\Temp\cc7tGMlp.s:45     .text._sbrk:0000000000000026 .L0 
C:\Users\Karzan\AppData\Local\Temp\cc7tGMlp.s:49     .text._sbrk:000000000000002a .L0 
C:\Users\Karzan\AppData\Local\Temp\cc7tGMlp.s:51     .text._sbrk:000000000000002e .L0 
C:\Users\Karzan\AppData\Local\Temp\cc7tGMlp.s:56     .sdata.curbrk.1524:0000000000000000 .LANCHOR0
C:\Users\Karzan\AppData\Local\Temp\cc7tGMlp.s:59     .sdata.curbrk.1524:0000000000000000 curbrk.1524
C:\Users\Karzan\AppData\Local\Temp\cc7tGMlp.s:54     .text._sbrk:000000000000002e .L0 
                     .debug_frame:0000000000000000 .L0 
C:\Users\Karzan\AppData\Local\Temp\cc7tGMlp.s:47     .text._sbrk:000000000000002a .L4
C:\Users\Karzan\AppData\Local\Temp\cc7tGMlp.s:43     .text._sbrk:0000000000000026 .L1
C:\Users\Karzan\AppData\Local\Temp\cc7tGMlp.s:169    .debug_abbrev:0000000000000000 .Ldebug_abbrev0
C:\Users\Karzan\AppData\Local\Temp\cc7tGMlp.s:390    .debug_str:0000000000000046 .LASF7
C:\Users\Karzan\AppData\Local\Temp\cc7tGMlp.s:380    .debug_str:000000000000000d .LASF8
C:\Users\Karzan\AppData\Local\Temp\cc7tGMlp.s:396    .debug_str:00000000000000ed .LASF9
C:\Users\Karzan\AppData\Local\Temp\cc7tGMlp.s:370    .debug_ranges:0000000000000000 .Ldebug_ranges0
C:\Users\Karzan\AppData\Local\Temp\cc7tGMlp.s:376    .debug_line:0000000000000000 .Ldebug_line0
C:\Users\Karzan\AppData\Local\Temp\cc7tGMlp.s:400    .debug_str:000000000000015b .LASF10
C:\Users\Karzan\AppData\Local\Temp\cc7tGMlp.s:378    .debug_str:0000000000000000 .LASF0
C:\Users\Karzan\AppData\Local\Temp\cc7tGMlp.s:392    .debug_str:00000000000000ce .LASF1
C:\Users\Karzan\AppData\Local\Temp\cc7tGMlp.s:404    .debug_str:000000000000016c .LASF2
C:\Users\Karzan\AppData\Local\Temp\cc7tGMlp.s:394    .debug_str:00000000000000e1 .LASF3
C:\Users\Karzan\AppData\Local\Temp\cc7tGMlp.s:382    .debug_str:0000000000000031 .LASF11
C:\Users\Karzan\AppData\Local\Temp\cc7tGMlp.s:14     .text._sbrk:0000000000000000 .LFB0
C:\Users\Karzan\AppData\Local\Temp\cc7tGMlp.s:52     .text._sbrk:000000000000002e .LFE0
C:\Users\Karzan\AppData\Local\Temp\cc7tGMlp.s:384    .debug_str:0000000000000037 .LASF12
C:\Users\Karzan\AppData\Local\Temp\cc7tGMlp.s:343    .debug_loc:0000000000000000 .LLST0
C:\Users\Karzan\AppData\Local\Temp\cc7tGMlp.s:386    .debug_str:000000000000003c .LASF4
C:\Users\Karzan\AppData\Local\Temp\cc7tGMlp.s:398    .debug_str:0000000000000151 .LASF5
C:\Users\Karzan\AppData\Local\Temp\cc7tGMlp.s:402    .debug_str:0000000000000165 .LASF13
C:\Users\Karzan\AppData\Local\Temp\cc7tGMlp.s:388    .debug_str:0000000000000041 .LASF6
C:\Users\Karzan\AppData\Local\Temp\cc7tGMlp.s:18     .text._sbrk:0000000000000000 .LVL0
C:\Users\Karzan\AppData\Local\Temp\cc7tGMlp.s:32     .text._sbrk:0000000000000014 .LVL1
C:\Users\Karzan\AppData\Local\Temp\cc7tGMlp.s:65     .debug_info:0000000000000000 .Ldebug_info0

UNDEFINED SYMBOLS
_end
_heap_end
