GAS LISTING C:\Users\Karzan\AppData\Local\Temp\ccL23ZJx.s 			page 1


   1              		.file	"close.c"
   2              		.option nopic
   3              		.attribute arch, "rv32i2p0_m2p0_a2p0_c2p0"
   4              		.attribute unaligned_access, 0
   5              		.attribute stack_align, 16
   6              		.text
   7              	.Ltext0:
   8              		.cfi_sections	.debug_frame
   9              		.section	.text._close,"ax",@progbits
  10              		.align	1
  11              		.globl	_close
  13              	_close:
  14              	.LFB1:
  15              		.file 1 "./../../firmware/RISCV/stubs/close.c"
   1:./../../firmware/RISCV/stubs/close.c **** /* See LICENSE of license details. */
   2:./../../firmware/RISCV/stubs/close.c **** 
   3:./../../firmware/RISCV/stubs/close.c **** #include <errno.h>
   4:./../../firmware/RISCV/stubs/close.c **** #include "stub.h"
   5:./../../firmware/RISCV/stubs/close.c **** 
   6:./../../firmware/RISCV/stubs/close.c **** int _close(int fd)
   7:./../../firmware/RISCV/stubs/close.c **** {
  16              		.loc 1 7 1
  17              		.cfi_startproc
  18              	.LVL0:
   8:./../../firmware/RISCV/stubs/close.c ****   return _stub(EBADF);
  19              		.loc 1 8 3
  20              		.file 2 "./../../firmware/RISCV/stubs/stub.h"
   1:./../../firmware/RISCV/stubs/stub.h **** /* See LICENSE of license details. */
   2:./../../firmware/RISCV/stubs/stub.h **** #ifndef _NUCLEI_SYS_STUB_H
   3:./../../firmware/RISCV/stubs/stub.h **** #define _NUCLEI_SYS_STUB_H
   4:./../../firmware/RISCV/stubs/stub.h **** 
   5:./../../firmware/RISCV/stubs/stub.h **** #include <stdint.h>
   6:./../../firmware/RISCV/stubs/stub.h **** #if   defined (__GNUC__)
   7:./../../firmware/RISCV/stubs/stub.h **** #include <unistd.h>
   8:./../../firmware/RISCV/stubs/stub.h **** #endif
   9:./../../firmware/RISCV/stubs/stub.h **** 
  10:./../../firmware/RISCV/stubs/stub.h **** void write_hex(int fd, unsigned long int hex);
  11:./../../firmware/RISCV/stubs/stub.h **** 
  12:./../../firmware/RISCV/stubs/stub.h **** static inline int _stub(int err)
  13:./../../firmware/RISCV/stubs/stub.h **** {
  14:./../../firmware/RISCV/stubs/stub.h ****   return -1;
  21              		.loc 2 14 3
   9:./../../firmware/RISCV/stubs/close.c **** }
  22              		.loc 1 9 1 is_stmt 0
  23 0000 7D55     		li	a0,-1
  24              	.LVL1:
  25 0002 8280     		ret
  26              		.cfi_endproc
  27              	.LFE1:
  29              		.text
  30              	.Letext0:
  31              		.file 3 "c:\\users\\karzan\\downloads\\toolchain-gd32v-v202-win\\toolchain-gd32v-v202-win\\compile
  32              		.file 4 "c:\\users\\karzan\\downloads\\toolchain-gd32v-v202-win\\toolchain-gd32v-v202-win\\compile
  33              		.file 5 "c:\\users\\karzan\\downloads\\toolchain-gd32v-v202-win\\toolchain-gd32v-v202-win\\compile
  34              		.file 6 "c:\\users\\karzan\\downloads\\toolchain-gd32v-v202-win\\toolchain-gd32v-v202-win\\compile
  35              		.file 7 "c:\\users\\karzan\\downloads\\toolchain-gd32v-v202-win\\toolchain-gd32v-v202-win\\compile
  36              		.file 8 "c:\\users\\karzan\\downloads\\toolchain-gd32v-v202-win\\toolchain-gd32v-v202-win\\compile
GAS LISTING C:\Users\Karzan\AppData\Local\Temp\ccL23ZJx.s 			page 2


GAS LISTING C:\Users\Karzan\AppData\Local\Temp\ccL23ZJx.s 			page 3


DEFINED SYMBOLS
                            *ABS*:0000000000000000 close.c
C:\Users\Karzan\AppData\Local\Temp\ccL23ZJx.s:13     .text._close:0000000000000000 _close
C:\Users\Karzan\AppData\Local\Temp\ccL23ZJx.s:17     .text._close:0000000000000000 .L0 
C:\Users\Karzan\AppData\Local\Temp\ccL23ZJx.s:19     .text._close:0000000000000000 .L0 
C:\Users\Karzan\AppData\Local\Temp\ccL23ZJx.s:21     .text._close:0000000000000000 .L0 
C:\Users\Karzan\AppData\Local\Temp\ccL23ZJx.s:22     .text._close:0000000000000000 .L0 
C:\Users\Karzan\AppData\Local\Temp\ccL23ZJx.s:23     .text._close:0000000000000000 .L0 
C:\Users\Karzan\AppData\Local\Temp\ccL23ZJx.s:26     .text._close:0000000000000004 .L0 
C:\Users\Karzan\AppData\Local\Temp\ccL23ZJx.s:29     .text._close:0000000000000004 .L0 
                     .debug_frame:0000000000000000 .L0 
C:\Users\Karzan\AppData\Local\Temp\ccL23ZJx.s:1540   .debug_abbrev:0000000000000000 .Ldebug_abbrev0
C:\Users\Karzan\AppData\Local\Temp\ccL23ZJx.s:2288   .debug_str:000000000000047f .LASF128
C:\Users\Karzan\AppData\Local\Temp\ccL23ZJx.s:2092   .debug_str:00000000000000e0 .LASF129
C:\Users\Karzan\AppData\Local\Temp\ccL23ZJx.s:2086   .debug_str:000000000000006b .LASF130
C:\Users\Karzan\AppData\Local\Temp\ccL23ZJx.s:2060   .debug_ranges:0000000000000000 .Ldebug_ranges0
C:\Users\Karzan\AppData\Local\Temp\ccL23ZJx.s:2066   .debug_line:0000000000000000 .Ldebug_line0
C:\Users\Karzan\AppData\Local\Temp\ccL23ZJx.s:2156   .debug_str:0000000000000223 .LASF0
C:\Users\Karzan\AppData\Local\Temp\ccL23ZJx.s:2170   .debug_str:0000000000000266 .LASF1
C:\Users\Karzan\AppData\Local\Temp\ccL23ZJx.s:2098   .debug_str:000000000000011c .LASF2
C:\Users\Karzan\AppData\Local\Temp\ccL23ZJx.s:2202   .debug_str:00000000000002fb .LASF3
C:\Users\Karzan\AppData\Local\Temp\ccL23ZJx.s:2184   .debug_str:00000000000002b1 .LASF10
C:\Users\Karzan\AppData\Local\Temp\ccL23ZJx.s:2100   .debug_str:000000000000012a .LASF4
C:\Users\Karzan\AppData\Local\Temp\ccL23ZJx.s:2220   .debug_str:0000000000000354 .LASF5
C:\Users\Karzan\AppData\Local\Temp\ccL23ZJx.s:2226   .debug_str:0000000000000370 .LASF6
C:\Users\Karzan\AppData\Local\Temp\ccL23ZJx.s:2116   .debug_str:000000000000016f .LASF7
C:\Users\Karzan\AppData\Local\Temp\ccL23ZJx.s:2164   .debug_str:0000000000000247 .LASF8
C:\Users\Karzan\AppData\Local\Temp\ccL23ZJx.s:2082   .debug_str:000000000000004b .LASF9
C:\Users\Karzan\AppData\Local\Temp\ccL23ZJx.s:2214   .debug_str:0000000000000331 .LASF11
C:\Users\Karzan\AppData\Local\Temp\ccL23ZJx.s:2272   .debug_str:0000000000000442 .LASF12
C:\Users\Karzan\AppData\Local\Temp\ccL23ZJx.s:2308   .debug_str:000000000000055f .LASF13
C:\Users\Karzan\AppData\Local\Temp\ccL23ZJx.s:2180   .debug_str:00000000000002a3 .LASF14
C:\Users\Karzan\AppData\Local\Temp\ccL23ZJx.s:2158   .debug_str:0000000000000230 .LASF15
C:\Users\Karzan\AppData\Local\Temp\ccL23ZJx.s:2264   .debug_str:0000000000000420 .LASF16
C:\Users\Karzan\AppData\Local\Temp\ccL23ZJx.s:2266   .debug_str:0000000000000428 .LASF17
C:\Users\Karzan\AppData\Local\Temp\ccL23ZJx.s:2236   .debug_str:0000000000000398 .LASF18
C:\Users\Karzan\AppData\Local\Temp\ccL23ZJx.s:2294   .debug_str:0000000000000515 .LASF19
C:\Users\Karzan\AppData\Local\Temp\ccL23ZJx.s:2218   .debug_str:0000000000000342 .LASF20
C:\Users\Karzan\AppData\Local\Temp\ccL23ZJx.s:2142   .debug_str:00000000000001e6 .LASF21
C:\Users\Karzan\AppData\Local\Temp\ccL23ZJx.s:2146   .debug_str:00000000000001f7 .LASF26
C:\Users\Karzan\AppData\Local\Temp\ccL23ZJx.s:2284   .debug_str:000000000000046c .LASF22
C:\Users\Karzan\AppData\Local\Temp\ccL23ZJx.s:2258   .debug_str:000000000000040b .LASF23
C:\Users\Karzan\AppData\Local\Temp\ccL23ZJx.s:2140   .debug_str:00000000000001e0 .LASF24
C:\Users\Karzan\AppData\Local\Temp\ccL23ZJx.s:2302   .debug_str:000000000000054a .LASF25
C:\Users\Karzan\AppData\Local\Temp\ccL23ZJx.s:2154   .debug_str:000000000000021e .LASF27
C:\Users\Karzan\AppData\Local\Temp\ccL23ZJx.s:2096   .debug_str:0000000000000113 .LASF28
C:\Users\Karzan\AppData\Local\Temp\ccL23ZJx.s:2278   .debug_str:0000000000000456 .LASF29
C:\Users\Karzan\AppData\Local\Temp\ccL23ZJx.s:2106   .debug_str:0000000000000142 .LASF30
C:\Users\Karzan\AppData\Local\Temp\ccL23ZJx.s:2332   .debug_str:00000000000005ca .LASF31
C:\Users\Karzan\AppData\Local\Temp\ccL23ZJx.s:2208   .debug_str:0000000000000315 .LASF32
C:\Users\Karzan\AppData\Local\Temp\ccL23ZJx.s:2196   .debug_str:00000000000002e1 .LASF33
C:\Users\Karzan\AppData\Local\Temp\ccL23ZJx.s:2304   .debug_str:000000000000054f .LASF34
C:\Users\Karzan\AppData\Local\Temp\ccL23ZJx.s:2228   .debug_str:000000000000037a .LASF35
C:\Users\Karzan\AppData\Local\Temp\ccL23ZJx.s:2318   .debug_str:000000000000058a .LASF36
C:\Users\Karzan\AppData\Local\Temp\ccL23ZJx.s:2110   .debug_str:0000000000000151 .LASF37
C:\Users\Karzan\AppData\Local\Temp\ccL23ZJx.s:2136   .debug_str:00000000000001d3 .LASF38
C:\Users\Karzan\AppData\Local\Temp\ccL23ZJx.s:2068   .debug_str:0000000000000000 .LASF39
GAS LISTING C:\Users\Karzan\AppData\Local\Temp\ccL23ZJx.s 			page 4


C:\Users\Karzan\AppData\Local\Temp\ccL23ZJx.s:2290   .debug_str:0000000000000507 .LASF40
C:\Users\Karzan\AppData\Local\Temp\ccL23ZJx.s:2120   .debug_str:000000000000017f .LASF41
C:\Users\Karzan\AppData\Local\Temp\ccL23ZJx.s:2210   .debug_str:000000000000031e .LASF42
C:\Users\Karzan\AppData\Local\Temp\ccL23ZJx.s:2250   .debug_str:00000000000003db .LASF43
C:\Users\Karzan\AppData\Local\Temp\ccL23ZJx.s:2138   .debug_str:00000000000001db .LASF44
C:\Users\Karzan\AppData\Local\Temp\ccL23ZJx.s:2230   .debug_str:0000000000000384 .LASF45
C:\Users\Karzan\AppData\Local\Temp\ccL23ZJx.s:2104   .debug_str:000000000000013c .LASF46
C:\Users\Karzan\AppData\Local\Temp\ccL23ZJx.s:2070   .debug_str:000000000000000c .LASF47
C:\Users\Karzan\AppData\Local\Temp\ccL23ZJx.s:2238   .debug_str:00000000000003a3 .LASF48
C:\Users\Karzan\AppData\Local\Temp\ccL23ZJx.s:2118   .debug_str:0000000000000178 .LASF49
C:\Users\Karzan\AppData\Local\Temp\ccL23ZJx.s:2166   .debug_str:0000000000000259 .LASF50
C:\Users\Karzan\AppData\Local\Temp\ccL23ZJx.s:2084   .debug_str:0000000000000062 .LASF51
C:\Users\Karzan\AppData\Local\Temp\ccL23ZJx.s:2112   .debug_str:000000000000015f .LASF52
C:\Users\Karzan\AppData\Local\Temp\ccL23ZJx.s:2150   .debug_str:000000000000020e .LASF53
C:\Users\Karzan\AppData\Local\Temp\ccL23ZJx.s:2194   .debug_str:00000000000002da .LASF54
C:\Users\Karzan\AppData\Local\Temp\ccL23ZJx.s:2268   .debug_str:0000000000000430 .LASF55
C:\Users\Karzan\AppData\Local\Temp\ccL23ZJx.s:2322   .debug_str:00000000000005a4 .LASF56
C:\Users\Karzan\AppData\Local\Temp\ccL23ZJx.s:2102   .debug_str:0000000000000136 .LASF57
C:\Users\Karzan\AppData\Local\Temp\ccL23ZJx.s:2314   .debug_str:000000000000057c .LASF58
C:\Users\Karzan\AppData\Local\Temp\ccL23ZJx.s:2124   .debug_str:000000000000018e .LASF59
C:\Users\Karzan\AppData\Local\Temp\ccL23ZJx.s:2130   .debug_str:00000000000001ac .LASF60
C:\Users\Karzan\AppData\Local\Temp\ccL23ZJx.s:2076   .debug_str:0000000000000025 .LASF61
C:\Users\Karzan\AppData\Local\Temp\ccL23ZJx.s:2186   .debug_str:00000000000002b8 .LASF62
C:\Users\Karzan\AppData\Local\Temp\ccL23ZJx.s:2242   .debug_str:00000000000003b5 .LASF63
C:\Users\Karzan\AppData\Local\Temp\ccL23ZJx.s:2188   .debug_str:00000000000002be .LASF64
C:\Users\Karzan\AppData\Local\Temp\ccL23ZJx.s:2260   .debug_str:0000000000000413 .LASF65
C:\Users\Karzan\AppData\Local\Temp\ccL23ZJx.s:2274   .debug_str:000000000000044a .LASF66
C:\Users\Karzan\AppData\Local\Temp\ccL23ZJx.s:2122   .debug_str:0000000000000187 .LASF67
C:\Users\Karzan\AppData\Local\Temp\ccL23ZJx.s:2160   .debug_str:0000000000000237 .LASF68
C:\Users\Karzan\AppData\Local\Temp\ccL23ZJx.s:2144   .debug_str:00000000000001ef .LASF69
C:\Users\Karzan\AppData\Local\Temp\ccL23ZJx.s:2248   .debug_str:00000000000003d6 .LASF70
C:\Users\Karzan\AppData\Local\Temp\ccL23ZJx.s:2074   .debug_str:000000000000001a .LASF71
C:\Users\Karzan\AppData\Local\Temp\ccL23ZJx.s:2256   .debug_str:00000000000003f2 .LASF72
C:\Users\Karzan\AppData\Local\Temp\ccL23ZJx.s:2252   .debug_str:00000000000003e0 .LASF73
C:\Users\Karzan\AppData\Local\Temp\ccL23ZJx.s:2212   .debug_str:0000000000000326 .LASF74
C:\Users\Karzan\AppData\Local\Temp\ccL23ZJx.s:2254   .debug_str:00000000000003e8 .LASF75
C:\Users\Karzan\AppData\Local\Temp\ccL23ZJx.s:2178   .debug_str:000000000000029b .LASF76
C:\Users\Karzan\AppData\Local\Temp\ccL23ZJx.s:2152   .debug_str:0000000000000214 .LASF77
C:\Users\Karzan\AppData\Local\Temp\ccL23ZJx.s:2330   .debug_str:00000000000005c5 .LASF78
C:\Users\Karzan\AppData\Local\Temp\ccL23ZJx.s:2216   .debug_str:0000000000000338 .LASF79
C:\Users\Karzan\AppData\Local\Temp\ccL23ZJx.s:2162   .debug_str:000000000000023f .LASF80
C:\Users\Karzan\AppData\Local\Temp\ccL23ZJx.s:2128   .debug_str:00000000000001a4 .LASF81
C:\Users\Karzan\AppData\Local\Temp\ccL23ZJx.s:2222   .debug_str:0000000000000362 .LASF82
C:\Users\Karzan\AppData\Local\Temp\ccL23ZJx.s:2172   .debug_str:0000000000000279 .LASF83
C:\Users\Karzan\AppData\Local\Temp\ccL23ZJx.s:2312   .debug_str:0000000000000572 .LASF84
C:\Users\Karzan\AppData\Local\Temp\ccL23ZJx.s:2114   .debug_str:0000000000000167 .LASF85
C:\Users\Karzan\AppData\Local\Temp\ccL23ZJx.s:2108   .debug_str:000000000000014c .LASF86
C:\Users\Karzan\AppData\Local\Temp\ccL23ZJx.s:2276   .debug_str:0000000000000451 .LASF87
C:\Users\Karzan\AppData\Local\Temp\ccL23ZJx.s:2234   .debug_str:0000000000000391 .LASF88
C:\Users\Karzan\AppData\Local\Temp\ccL23ZJx.s:2306   .debug_str:0000000000000559 .LASF89
C:\Users\Karzan\AppData\Local\Temp\ccL23ZJx.s:2168   .debug_str:000000000000025f .LASF90
C:\Users\Karzan\AppData\Local\Temp\ccL23ZJx.s:2232   .debug_str:000000000000038b .LASF91
C:\Users\Karzan\AppData\Local\Temp\ccL23ZJx.s:2072   .debug_str:0000000000000012 .LASF92
C:\Users\Karzan\AppData\Local\Temp\ccL23ZJx.s:2262   .debug_str:000000000000041a .LASF93
C:\Users\Karzan\AppData\Local\Temp\ccL23ZJx.s:2282   .debug_str:0000000000000466 .LASF94
C:\Users\Karzan\AppData\Local\Temp\ccL23ZJx.s:2292   .debug_str:0000000000000510 .LASF95
C:\Users\Karzan\AppData\Local\Temp\ccL23ZJx.s:2300   .debug_str:000000000000053d .LASF96
GAS LISTING C:\Users\Karzan\AppData\Local\Temp\ccL23ZJx.s 			page 5


C:\Users\Karzan\AppData\Local\Temp\ccL23ZJx.s:2286   .debug_str:0000000000000472 .LASF97
C:\Users\Karzan\AppData\Local\Temp\ccL23ZJx.s:2176   .debug_str:000000000000028e .LASF98
C:\Users\Karzan\AppData\Local\Temp\ccL23ZJx.s:2320   .debug_str:0000000000000595 .LASF99
C:\Users\Karzan\AppData\Local\Temp\ccL23ZJx.s:2148   .debug_str:00000000000001ff .LASF100
C:\Users\Karzan\AppData\Local\Temp\ccL23ZJx.s:2244   .debug_str:00000000000003be .LASF101
C:\Users\Karzan\AppData\Local\Temp\ccL23ZJx.s:2324   .debug_str:00000000000005ab .LASF102
C:\Users\Karzan\AppData\Local\Temp\ccL23ZJx.s:2246   .debug_str:00000000000003c9 .LASF103
C:\Users\Karzan\AppData\Local\Temp\ccL23ZJx.s:2328   .debug_str:00000000000005b7 .LASF104
C:\Users\Karzan\AppData\Local\Temp\ccL23ZJx.s:2094   .debug_str:0000000000000105 .LASF105
C:\Users\Karzan\AppData\Local\Temp\ccL23ZJx.s:2310   .debug_str:0000000000000568 .LASF106
C:\Users\Karzan\AppData\Local\Temp\ccL23ZJx.s:2174   .debug_str:0000000000000282 .LASF107
C:\Users\Karzan\AppData\Local\Temp\ccL23ZJx.s:2296   .debug_str:000000000000051d .LASF108
C:\Users\Karzan\AppData\Local\Temp\ccL23ZJx.s:2134   .debug_str:00000000000001c5 .LASF109
C:\Users\Karzan\AppData\Local\Temp\ccL23ZJx.s:2090   .debug_str:00000000000000d1 .LASF110
C:\Users\Karzan\AppData\Local\Temp\ccL23ZJx.s:2132   .debug_str:00000000000001b4 .LASF111
C:\Users\Karzan\AppData\Local\Temp\ccL23ZJx.s:2078   .debug_str:000000000000002b .LASF112
C:\Users\Karzan\AppData\Local\Temp\ccL23ZJx.s:2080   .debug_str:000000000000003a .LASF113
C:\Users\Karzan\AppData\Local\Temp\ccL23ZJx.s:2224   .debug_str:0000000000000367 .LASF114
C:\Users\Karzan\AppData\Local\Temp\ccL23ZJx.s:2206   .debug_str:000000000000030e .LASF115
C:\Users\Karzan\AppData\Local\Temp\ccL23ZJx.s:2198   .debug_str:00000000000002eb .LASF116
C:\Users\Karzan\AppData\Local\Temp\ccL23ZJx.s:2316   .debug_str:0000000000000582 .LASF117
C:\Users\Karzan\AppData\Local\Temp\ccL23ZJx.s:2190   .debug_str:00000000000002c6 .LASF131
C:\Users\Karzan\AppData\Local\Temp\ccL23ZJx.s:2270   .debug_str:0000000000000436 .LASF118
C:\Users\Karzan\AppData\Local\Temp\ccL23ZJx.s:2298   .debug_str:000000000000052a .LASF119
C:\Users\Karzan\AppData\Local\Temp\ccL23ZJx.s:2126   .debug_str:0000000000000197 .LASF120
C:\Users\Karzan\AppData\Local\Temp\ccL23ZJx.s:2240   .debug_str:00000000000003ab .LASF121
C:\Users\Karzan\AppData\Local\Temp\ccL23ZJx.s:2182   .debug_str:00000000000002a9 .LASF122
C:\Users\Karzan\AppData\Local\Temp\ccL23ZJx.s:2200   .debug_str:00000000000002f4 .LASF123
C:\Users\Karzan\AppData\Local\Temp\ccL23ZJx.s:2204   .debug_str:0000000000000307 .LASF124
C:\Users\Karzan\AppData\Local\Temp\ccL23ZJx.s:2280   .debug_str:000000000000045f .LASF125
C:\Users\Karzan\AppData\Local\Temp\ccL23ZJx.s:2326   .debug_str:00000000000005b0 .LASF126
C:\Users\Karzan\AppData\Local\Temp\ccL23ZJx.s:2192   .debug_str:00000000000002d1 .LASF127
C:\Users\Karzan\AppData\Local\Temp\ccL23ZJx.s:14     .text._close:0000000000000000 .LFB1
C:\Users\Karzan\AppData\Local\Temp\ccL23ZJx.s:27     .text._close:0000000000000004 .LFE1
C:\Users\Karzan\AppData\Local\Temp\ccL23ZJx.s:2033   .debug_loc:0000000000000000 .LLST0
C:\Users\Karzan\AppData\Local\Temp\ccL23ZJx.s:2088   .debug_str:00000000000000cb .LASF132
C:\Users\Karzan\AppData\Local\Temp\ccL23ZJx.s:18     .text._close:0000000000000000 .LVL0
C:\Users\Karzan\AppData\Local\Temp\ccL23ZJx.s:24     .text._close:0000000000000002 .LVL1
C:\Users\Karzan\AppData\Local\Temp\ccL23ZJx.s:38     .debug_info:0000000000000000 .Ldebug_info0

NO UNDEFINED SYMBOLS
