GAS LISTING C:\Users\Karzan\AppData\Local\Temp\ccVXWpoM.s 			page 1


   1              		.file	"fstat.c"
   2              		.option nopic
   3              		.attribute arch, "rv32i2p0_m2p0_a2p0_c2p0"
   4              		.attribute unaligned_access, 0
   5              		.attribute stack_align, 16
   6              		.text
   7              	.Ltext0:
   8              		.cfi_sections	.debug_frame
   9              		.section	.text._fstat,"ax",@progbits
  10              		.align	1
  11              		.globl	_fstat
  13              	_fstat:
  14              	.LFB1:
  15              		.file 1 "./../../firmware/RISCV/stubs/fstat.c"
   1:./../../firmware/RISCV/stubs/fstat.c **** /* See LICENSE of license details. */
   2:./../../firmware/RISCV/stubs/fstat.c **** 
   3:./../../firmware/RISCV/stubs/fstat.c **** #include <errno.h>
   4:./../../firmware/RISCV/stubs/fstat.c **** #include <unistd.h>
   5:./../../firmware/RISCV/stubs/fstat.c **** #include <sys/stat.h>
   6:./../../firmware/RISCV/stubs/fstat.c **** #include "stub.h"
   7:./../../firmware/RISCV/stubs/fstat.c **** 
   8:./../../firmware/RISCV/stubs/fstat.c **** int _fstat(int fd, struct stat* st)
   9:./../../firmware/RISCV/stubs/fstat.c **** {
  16              		.loc 1 9 1
  17              		.cfi_startproc
  18              	.LVL0:
  10:./../../firmware/RISCV/stubs/fstat.c ****   if (isatty(fd)) {
  19              		.loc 1 10 3
   9:./../../firmware/RISCV/stubs/fstat.c ****   if (isatty(fd)) {
  20              		.loc 1 9 1 is_stmt 0
  21 0000 0111     		addi	sp,sp,-32
  22              	.LCFI0:
  23              		.cfi_def_cfa_offset 32
  24 0002 06CE     		sw	ra,28(sp)
  25              		.cfi_offset 1, -4
   9:./../../firmware/RISCV/stubs/fstat.c ****   if (isatty(fd)) {
  26              		.loc 1 9 1
  27 0004 2EC6     		sw	a1,12(sp)
  28              		.loc 1 10 7
  29 0006 97000000 		call	isatty
  29      E7800000 
  30              	.LVL1:
  31              		.loc 1 10 6
  32 000e 01C9     		beq	a0,zero,.L3
  11:./../../firmware/RISCV/stubs/fstat.c ****     st->st_mode = S_IFCHR;
  33              		.loc 1 11 5 is_stmt 1
  34              		.loc 1 11 17 is_stmt 0
  35 0010 B245     		lw	a1,12(sp)
  36 0012 8967     		li	a5,8192
  12:./../../firmware/RISCV/stubs/fstat.c ****     return 0;
  37              		.loc 1 12 12
  38 0014 0145     		li	a0,0
  11:./../../firmware/RISCV/stubs/fstat.c ****     st->st_mode = S_IFCHR;
  39              		.loc 1 11 17
  40 0016 DCC1     		sw	a5,4(a1)
  41              		.loc 1 12 5 is_stmt 1
  42              	.L1:
GAS LISTING C:\Users\Karzan\AppData\Local\Temp\ccVXWpoM.s 			page 2


  13:./../../firmware/RISCV/stubs/fstat.c ****   }
  14:./../../firmware/RISCV/stubs/fstat.c **** 
  15:./../../firmware/RISCV/stubs/fstat.c ****   return _stub(EBADF);
  16:./../../firmware/RISCV/stubs/fstat.c **** }
  43              		.loc 1 16 1 is_stmt 0
  44 0018 F240     		lw	ra,28(sp)
  45              		.cfi_remember_state
  46              		.cfi_restore 1
  47 001a 0561     		addi	sp,sp,32
  48              	.LCFI1:
  49              		.cfi_def_cfa_offset 0
  50              	.LVL2:
  51 001c 8280     		jr	ra
  52              	.LVL3:
  53              	.L3:
  54              	.LCFI2:
  55              		.cfi_restore_state
  15:./../../firmware/RISCV/stubs/fstat.c **** }
  56              		.loc 1 15 10
  57 001e 7D55     		li	a0,-1
  58 0020 E5BF     		j	.L1
  59              		.cfi_endproc
  60              	.LFE1:
  62              		.text
  63              	.Letext0:
  64              		.file 2 "c:\\users\\karzan\\downloads\\toolchain-gd32v-v202-win\\toolchain-gd32v-v202-win\\compile
  65              		.file 3 "c:\\users\\karzan\\downloads\\toolchain-gd32v-v202-win\\toolchain-gd32v-v202-win\\compile
  66              		.file 4 "c:\\users\\karzan\\downloads\\toolchain-gd32v-v202-win\\toolchain-gd32v-v202-win\\compile
  67              		.file 5 "c:\\users\\karzan\\downloads\\toolchain-gd32v-v202-win\\toolchain-gd32v-v202-win\\compile
  68              		.file 6 "c:\\users\\karzan\\downloads\\toolchain-gd32v-v202-win\\toolchain-gd32v-v202-win\\compile
  69              		.file 7 "c:\\users\\karzan\\downloads\\toolchain-gd32v-v202-win\\toolchain-gd32v-v202-win\\compile
  70              		.file 8 "c:\\users\\karzan\\downloads\\toolchain-gd32v-v202-win\\toolchain-gd32v-v202-win\\compile
  71              		.file 9 "c:\\users\\karzan\\downloads\\toolchain-gd32v-v202-win\\toolchain-gd32v-v202-win\\compile
  72              		.file 10 "c:\\users\\karzan\\downloads\\toolchain-gd32v-v202-win\\toolchain-gd32v-v202-win\\compil
  73              		.file 11 "c:\\users\\karzan\\downloads\\toolchain-gd32v-v202-win\\toolchain-gd32v-v202-win\\compil
  74              		.file 12 "c:\\users\\karzan\\downloads\\toolchain-gd32v-v202-win\\toolchain-gd32v-v202-win\\compil
  75              		.file 13 "./../../firmware/RISCV/stubs/stub.h"
GAS LISTING C:\Users\Karzan\AppData\Local\Temp\ccVXWpoM.s 			page 3


DEFINED SYMBOLS
                            *ABS*:0000000000000000 fstat.c
C:\Users\Karzan\AppData\Local\Temp\ccVXWpoM.s:13     .text._fstat:0000000000000000 _fstat
C:\Users\Karzan\AppData\Local\Temp\ccVXWpoM.s:17     .text._fstat:0000000000000000 .L0 
C:\Users\Karzan\AppData\Local\Temp\ccVXWpoM.s:19     .text._fstat:0000000000000000 .L0 
C:\Users\Karzan\AppData\Local\Temp\ccVXWpoM.s:20     .text._fstat:0000000000000000 .L0 
C:\Users\Karzan\AppData\Local\Temp\ccVXWpoM.s:21     .text._fstat:0000000000000000 .L0 
C:\Users\Karzan\AppData\Local\Temp\ccVXWpoM.s:23     .text._fstat:0000000000000002 .L0 
C:\Users\Karzan\AppData\Local\Temp\ccVXWpoM.s:25     .text._fstat:0000000000000004 .L0 
C:\Users\Karzan\AppData\Local\Temp\ccVXWpoM.s:27     .text._fstat:0000000000000004 .L0 
C:\Users\Karzan\AppData\Local\Temp\ccVXWpoM.s:29     .text._fstat:0000000000000006 .L0 
C:\Users\Karzan\AppData\Local\Temp\ccVXWpoM.s:32     .text._fstat:000000000000000e .L0 
C:\Users\Karzan\AppData\Local\Temp\ccVXWpoM.s:34     .text._fstat:0000000000000010 .L0 
C:\Users\Karzan\AppData\Local\Temp\ccVXWpoM.s:35     .text._fstat:0000000000000010 .L0 
C:\Users\Karzan\AppData\Local\Temp\ccVXWpoM.s:38     .text._fstat:0000000000000014 .L0 
C:\Users\Karzan\AppData\Local\Temp\ccVXWpoM.s:40     .text._fstat:0000000000000016 .L0 
C:\Users\Karzan\AppData\Local\Temp\ccVXWpoM.s:43     .text._fstat:0000000000000018 .L0 
C:\Users\Karzan\AppData\Local\Temp\ccVXWpoM.s:44     .text._fstat:0000000000000018 .L0 
C:\Users\Karzan\AppData\Local\Temp\ccVXWpoM.s:45     .text._fstat:000000000000001a .L0 
C:\Users\Karzan\AppData\Local\Temp\ccVXWpoM.s:46     .text._fstat:000000000000001a .L0 
C:\Users\Karzan\AppData\Local\Temp\ccVXWpoM.s:49     .text._fstat:000000000000001c .L0 
C:\Users\Karzan\AppData\Local\Temp\ccVXWpoM.s:55     .text._fstat:000000000000001e .L0 
C:\Users\Karzan\AppData\Local\Temp\ccVXWpoM.s:57     .text._fstat:000000000000001e .L0 
C:\Users\Karzan\AppData\Local\Temp\ccVXWpoM.s:59     .text._fstat:0000000000000022 .L0 
C:\Users\Karzan\AppData\Local\Temp\ccVXWpoM.s:62     .text._fstat:0000000000000022 .L0 
                     .debug_frame:0000000000000000 .L0 
C:\Users\Karzan\AppData\Local\Temp\ccVXWpoM.s:53     .text._fstat:000000000000001e .L3
C:\Users\Karzan\AppData\Local\Temp\ccVXWpoM.s:42     .text._fstat:0000000000000018 .L1
C:\Users\Karzan\AppData\Local\Temp\ccVXWpoM.s:1932   .debug_abbrev:0000000000000000 .Ldebug_abbrev0
C:\Users\Karzan\AppData\Local\Temp\ccVXWpoM.s:2842   .debug_str:00000000000005cc .LASF170
C:\Users\Karzan\AppData\Local\Temp\ccVXWpoM.s:2736   .debug_str:00000000000003d6 .LASF171
C:\Users\Karzan\AppData\Local\Temp\ccVXWpoM.s:2578   .debug_str:00000000000000ac .LASF172
C:\Users\Karzan\AppData\Local\Temp\ccVXWpoM.s:2536   .debug_ranges:0000000000000000 .Ldebug_ranges0
C:\Users\Karzan\AppData\Local\Temp\ccVXWpoM.s:2542   .debug_line:0000000000000000 .Ldebug_line0
C:\Users\Karzan\AppData\Local\Temp\ccVXWpoM.s:2672   .debug_str:00000000000002b9 .LASF0
C:\Users\Karzan\AppData\Local\Temp\ccVXWpoM.s:2694   .debug_str:0000000000000318 .LASF1
C:\Users\Karzan\AppData\Local\Temp\ccVXWpoM.s:2594   .debug_str:0000000000000155 .LASF2
C:\Users\Karzan\AppData\Local\Temp\ccVXWpoM.s:2730   .debug_str:00000000000003bc .LASF3
C:\Users\Karzan\AppData\Local\Temp\ccVXWpoM.s:2708   .debug_str:0000000000000363 .LASF8
C:\Users\Karzan\AppData\Local\Temp\ccVXWpoM.s:2596   .debug_str:0000000000000163 .LASF4
C:\Users\Karzan\AppData\Local\Temp\ccVXWpoM.s:2758   .debug_str:000000000000045b .LASF5
C:\Users\Karzan\AppData\Local\Temp\ccVXWpoM.s:2766   .debug_str:000000000000047e .LASF6
C:\Users\Karzan\AppData\Local\Temp\ccVXWpoM.s:2616   .debug_str:00000000000001bc .LASF7
C:\Users\Karzan\AppData\Local\Temp\ccVXWpoM.s:2648   .debug_str:000000000000024f .LASF9
C:\Users\Karzan\AppData\Local\Temp\ccVXWpoM.s:2682   .debug_str:00000000000002e6 .LASF10
C:\Users\Karzan\AppData\Local\Temp\ccVXWpoM.s:2572   .debug_str:0000000000000082 .LASF11
C:\Users\Karzan\AppData\Local\Temp\ccVXWpoM.s:2584   .debug_str:0000000000000121 .LASF12
C:\Users\Karzan\AppData\Local\Temp\ccVXWpoM.s:2614   .debug_str:00000000000001b1 .LASF13
C:\Users\Karzan\AppData\Local\Temp\ccVXWpoM.s:2742   .debug_str:000000000000040c .LASF14
C:\Users\Karzan\AppData\Local\Temp\ccVXWpoM.s:2744   .debug_str:0000000000000418 .LASF15
C:\Users\Karzan\AppData\Local\Temp\ccVXWpoM.s:2660   .debug_str:0000000000000288 .LASF16
C:\Users\Karzan\AppData\Local\Temp\ccVXWpoM.s:2834   .debug_str:00000000000005a9 .LASF17
C:\Users\Karzan\AppData\Local\Temp\ccVXWpoM.s:2548   .debug_str:0000000000000014 .LASF18
C:\Users\Karzan\AppData\Local\Temp\ccVXWpoM.s:2806   .debug_str:000000000000053c .LASF19
C:\Users\Karzan\AppData\Local\Temp\ccVXWpoM.s:2600   .debug_str:0000000000000175 .LASF20
C:\Users\Karzan\AppData\Local\Temp\ccVXWpoM.s:2546   .debug_str:000000000000000c .LASF21
C:\Users\Karzan\AppData\Local\Temp\ccVXWpoM.s:2818   .debug_str:000000000000056c .LASF22
GAS LISTING C:\Users\Karzan\AppData\Local\Temp\ccVXWpoM.s 			page 4


C:\Users\Karzan\AppData\Local\Temp\ccVXWpoM.s:2862   .debug_str:00000000000006ac .LASF23
C:\Users\Karzan\AppData\Local\Temp\ccVXWpoM.s:2704   .debug_str:0000000000000355 .LASF24
C:\Users\Karzan\AppData\Local\Temp\ccVXWpoM.s:2674   .debug_str:00000000000002c6 .LASF25
C:\Users\Karzan\AppData\Local\Temp\ccVXWpoM.s:2810   .debug_str:000000000000054a .LASF26
C:\Users\Karzan\AppData\Local\Temp\ccVXWpoM.s:2812   .debug_str:0000000000000552 .LASF27
C:\Users\Karzan\AppData\Local\Temp\ccVXWpoM.s:2778   .debug_str:00000000000004b1 .LASF28
C:\Users\Karzan\AppData\Local\Temp\ccVXWpoM.s:2890   .debug_str:0000000000000729 .LASF29
C:\Users\Karzan\AppData\Local\Temp\ccVXWpoM.s:2848   .debug_str:0000000000000662 .LASF30
C:\Users\Karzan\AppData\Local\Temp\ccVXWpoM.s:2754   .debug_str:0000000000000440 .LASF31
C:\Users\Karzan\AppData\Local\Temp\ccVXWpoM.s:2652   .debug_str:0000000000000260 .LASF32
C:\Users\Karzan\AppData\Local\Temp\ccVXWpoM.s:2656   .debug_str:0000000000000271 .LASF37
C:\Users\Karzan\AppData\Local\Temp\ccVXWpoM.s:2836   .debug_str:00000000000005b1 .LASF33
C:\Users\Karzan\AppData\Local\Temp\ccVXWpoM.s:2802   .debug_str:000000000000052d .LASF34
C:\Users\Karzan\AppData\Local\Temp\ccVXWpoM.s:2650   .debug_str:000000000000025a .LASF35
C:\Users\Karzan\AppData\Local\Temp\ccVXWpoM.s:2856   .debug_str:0000000000000697 .LASF36
C:\Users\Karzan\AppData\Local\Temp\ccVXWpoM.s:2670   .debug_str:00000000000002b4 .LASF38
C:\Users\Karzan\AppData\Local\Temp\ccVXWpoM.s:2590   .debug_str:0000000000000147 .LASF39
C:\Users\Karzan\AppData\Local\Temp\ccVXWpoM.s:2828   .debug_str:0000000000000593 .LASF40
C:\Users\Karzan\AppData\Local\Temp\ccVXWpoM.s:2604   .debug_str:0000000000000184 .LASF41
C:\Users\Karzan\AppData\Local\Temp\ccVXWpoM.s:2894   .debug_str:000000000000073c .LASF42
C:\Users\Karzan\AppData\Local\Temp\ccVXWpoM.s:2738   .debug_str:00000000000003fb .LASF43
C:\Users\Karzan\AppData\Local\Temp\ccVXWpoM.s:2724   .debug_str:00000000000003a2 .LASF44
C:\Users\Karzan\AppData\Local\Temp\ccVXWpoM.s:2858   .debug_str:000000000000069c .LASF45
C:\Users\Karzan\AppData\Local\Temp\ccVXWpoM.s:2768   .debug_str:0000000000000488 .LASF46
C:\Users\Karzan\AppData\Local\Temp\ccVXWpoM.s:2874   .debug_str:00000000000006e1 .LASF47
C:\Users\Karzan\AppData\Local\Temp\ccVXWpoM.s:2608   .debug_str:0000000000000193 .LASF48
C:\Users\Karzan\AppData\Local\Temp\ccVXWpoM.s:2642   .debug_str:000000000000023c .LASF49
C:\Users\Karzan\AppData\Local\Temp\ccVXWpoM.s:2544   .debug_str:0000000000000000 .LASF50
C:\Users\Karzan\AppData\Local\Temp\ccVXWpoM.s:2844   .debug_str:0000000000000654 .LASF51
C:\Users\Karzan\AppData\Local\Temp\ccVXWpoM.s:2622   .debug_str:00000000000001d6 .LASF52
C:\Users\Karzan\AppData\Local\Temp\ccVXWpoM.s:2740   .debug_str:0000000000000404 .LASF53
C:\Users\Karzan\AppData\Local\Temp\ccVXWpoM.s:2794   .debug_str:00000000000004fd .LASF54
C:\Users\Karzan\AppData\Local\Temp\ccVXWpoM.s:2644   .debug_str:0000000000000244 .LASF55
C:\Users\Karzan\AppData\Local\Temp\ccVXWpoM.s:2770   .debug_str:0000000000000492 .LASF56
C:\Users\Karzan\AppData\Local\Temp\ccVXWpoM.s:2602   .debug_str:000000000000017e .LASF57
C:\Users\Karzan\AppData\Local\Temp\ccVXWpoM.s:2550   .debug_str:000000000000001c .LASF58
C:\Users\Karzan\AppData\Local\Temp\ccVXWpoM.s:2780   .debug_str:00000000000004bc .LASF59
C:\Users\Karzan\AppData\Local\Temp\ccVXWpoM.s:2620   .debug_str:00000000000001cf .LASF60
C:\Users\Karzan\AppData\Local\Temp\ccVXWpoM.s:2684   .debug_str:00000000000002f8 .LASF61
C:\Users\Karzan\AppData\Local\Temp\ccVXWpoM.s:2576   .debug_str:00000000000000a3 .LASF62
C:\Users\Karzan\AppData\Local\Temp\ccVXWpoM.s:2610   .debug_str:00000000000001a1 .LASF63
C:\Users\Karzan\AppData\Local\Temp\ccVXWpoM.s:2662   .debug_str:0000000000000290 .LASF64
C:\Users\Karzan\AppData\Local\Temp\ccVXWpoM.s:2722   .debug_str:000000000000039b .LASF65
C:\Users\Karzan\AppData\Local\Temp\ccVXWpoM.s:2814   .debug_str:000000000000055a .LASF66
C:\Users\Karzan\AppData\Local\Temp\ccVXWpoM.s:2878   .debug_str:00000000000006fb .LASF67
C:\Users\Karzan\AppData\Local\Temp\ccVXWpoM.s:2598   .debug_str:000000000000016f .LASF68
C:\Users\Karzan\AppData\Local\Temp\ccVXWpoM.s:2870   .debug_str:00000000000006d3 .LASF69
C:\Users\Karzan\AppData\Local\Temp\ccVXWpoM.s:2628   .debug_str:00000000000001ec .LASF70
C:\Users\Karzan\AppData\Local\Temp\ccVXWpoM.s:2636   .debug_str:0000000000000215 .LASF71
C:\Users\Karzan\AppData\Local\Temp\ccVXWpoM.s:2566   .debug_str:000000000000005c .LASF72
C:\Users\Karzan\AppData\Local\Temp\ccVXWpoM.s:2710   .debug_str:000000000000036a .LASF73
C:\Users\Karzan\AppData\Local\Temp\ccVXWpoM.s:2784   .debug_str:00000000000004ce .LASF74
C:\Users\Karzan\AppData\Local\Temp\ccVXWpoM.s:2714   .debug_str:0000000000000377 .LASF75
C:\Users\Karzan\AppData\Local\Temp\ccVXWpoM.s:2804   .debug_str:0000000000000535 .LASF76
C:\Users\Karzan\AppData\Local\Temp\ccVXWpoM.s:2822   .debug_str:000000000000057d .LASF77
C:\Users\Karzan\AppData\Local\Temp\ccVXWpoM.s:2624   .debug_str:00000000000001de .LASF78
C:\Users\Karzan\AppData\Local\Temp\ccVXWpoM.s:2676   .debug_str:00000000000002cd .LASF79
GAS LISTING C:\Users\Karzan\AppData\Local\Temp\ccVXWpoM.s 			page 5


C:\Users\Karzan\AppData\Local\Temp\ccVXWpoM.s:2654   .debug_str:0000000000000269 .LASF80
C:\Users\Karzan\AppData\Local\Temp\ccVXWpoM.s:2792   .debug_str:00000000000004f8 .LASF81
C:\Users\Karzan\AppData\Local\Temp\ccVXWpoM.s:2558   .debug_str:0000000000000039 .LASF82
C:\Users\Karzan\AppData\Local\Temp\ccVXWpoM.s:2800   .debug_str:0000000000000514 .LASF83
C:\Users\Karzan\AppData\Local\Temp\ccVXWpoM.s:2796   .debug_str:0000000000000502 .LASF84
C:\Users\Karzan\AppData\Local\Temp\ccVXWpoM.s:2630   .debug_str:00000000000001f5 .LASF85
C:\Users\Karzan\AppData\Local\Temp\ccVXWpoM.s:2798   .debug_str:000000000000050a .LASF86
C:\Users\Karzan\AppData\Local\Temp\ccVXWpoM.s:2702   .debug_str:000000000000034d .LASF87
C:\Users\Karzan\AppData\Local\Temp\ccVXWpoM.s:2664   .debug_str:0000000000000296 .LASF88
C:\Users\Karzan\AppData\Local\Temp\ccVXWpoM.s:2888   .debug_str:0000000000000724 .LASF89
C:\Users\Karzan\AppData\Local\Temp\ccVXWpoM.s:2750   .debug_str:000000000000042c .LASF90
C:\Users\Karzan\AppData\Local\Temp\ccVXWpoM.s:2680   .debug_str:00000000000002de .LASF91
C:\Users\Karzan\AppData\Local\Temp\ccVXWpoM.s:2634   .debug_str:000000000000020d .LASF92
C:\Users\Karzan\AppData\Local\Temp\ccVXWpoM.s:2760   .debug_str:0000000000000469 .LASF93
C:\Users\Karzan\AppData\Local\Temp\ccVXWpoM.s:2696   .debug_str:000000000000032b .LASF94
C:\Users\Karzan\AppData\Local\Temp\ccVXWpoM.s:2866   .debug_str:00000000000006bf .LASF95
C:\Users\Karzan\AppData\Local\Temp\ccVXWpoM.s:2612   .debug_str:00000000000001a9 .LASF96
C:\Users\Karzan\AppData\Local\Temp\ccVXWpoM.s:2606   .debug_str:000000000000018e .LASF97
C:\Users\Karzan\AppData\Local\Temp\ccVXWpoM.s:2824   .debug_str:0000000000000584 .LASF98
C:\Users\Karzan\AppData\Local\Temp\ccVXWpoM.s:2776   .debug_str:00000000000004aa .LASF99
C:\Users\Karzan\AppData\Local\Temp\ccVXWpoM.s:2860   .debug_str:00000000000006a6 .LASF100
C:\Users\Karzan\AppData\Local\Temp\ccVXWpoM.s:2690   .debug_str:000000000000030b .LASF101
C:\Users\Karzan\AppData\Local\Temp\ccVXWpoM.s:2774   .debug_str:00000000000004a4 .LASF102
C:\Users\Karzan\AppData\Local\Temp\ccVXWpoM.s:2554   .debug_str:000000000000002a .LASF103
C:\Users\Karzan\AppData\Local\Temp\ccVXWpoM.s:2808   .debug_str:0000000000000544 .LASF104
C:\Users\Karzan\AppData\Local\Temp\ccVXWpoM.s:2832   .debug_str:00000000000005a3 .LASF105
C:\Users\Karzan\AppData\Local\Temp\ccVXWpoM.s:2846   .debug_str:000000000000065d .LASF106
C:\Users\Karzan\AppData\Local\Temp\ccVXWpoM.s:2854   .debug_str:000000000000068a .LASF107
C:\Users\Karzan\AppData\Local\Temp\ccVXWpoM.s:2838   .debug_str:00000000000005b7 .LASF108
C:\Users\Karzan\AppData\Local\Temp\ccVXWpoM.s:2700   .debug_str:0000000000000340 .LASF109
C:\Users\Karzan\AppData\Local\Temp\ccVXWpoM.s:2876   .debug_str:00000000000006ec .LASF110
C:\Users\Karzan\AppData\Local\Temp\ccVXWpoM.s:2658   .debug_str:0000000000000279 .LASF111
C:\Users\Karzan\AppData\Local\Temp\ccVXWpoM.s:2786   .debug_str:00000000000004d7 .LASF112
C:\Users\Karzan\AppData\Local\Temp\ccVXWpoM.s:2880   .debug_str:0000000000000702 .LASF113
C:\Users\Karzan\AppData\Local\Temp\ccVXWpoM.s:2790   .debug_str:00000000000004eb .LASF114
C:\Users\Karzan\AppData\Local\Temp\ccVXWpoM.s:2886   .debug_str:0000000000000716 .LASF115
C:\Users\Karzan\AppData\Local\Temp\ccVXWpoM.s:2588   .debug_str:0000000000000139 .LASF116
C:\Users\Karzan\AppData\Local\Temp\ccVXWpoM.s:2864   .debug_str:00000000000006b5 .LASF117
C:\Users\Karzan\AppData\Local\Temp\ccVXWpoM.s:2698   .debug_str:0000000000000334 .LASF118
C:\Users\Karzan\AppData\Local\Temp\ccVXWpoM.s:2850   .debug_str:000000000000066a .LASF119
C:\Users\Karzan\AppData\Local\Temp\ccVXWpoM.s:2640   .debug_str:000000000000022e .LASF120
C:\Users\Karzan\AppData\Local\Temp\ccVXWpoM.s:2582   .debug_str:0000000000000112 .LASF121
C:\Users\Karzan\AppData\Local\Temp\ccVXWpoM.s:2638   .debug_str:000000000000021d .LASF122
C:\Users\Karzan\AppData\Local\Temp\ccVXWpoM.s:2568   .debug_str:0000000000000062 .LASF123
C:\Users\Karzan\AppData\Local\Temp\ccVXWpoM.s:2570   .debug_str:0000000000000071 .LASF124
C:\Users\Karzan\AppData\Local\Temp\ccVXWpoM.s:2764   .debug_str:0000000000000475 .LASF125
C:\Users\Karzan\AppData\Local\Temp\ccVXWpoM.s:2734   .debug_str:00000000000003cf .LASF126
C:\Users\Karzan\AppData\Local\Temp\ccVXWpoM.s:2726   .debug_str:00000000000003ac .LASF127
C:\Users\Karzan\AppData\Local\Temp\ccVXWpoM.s:2872   .debug_str:00000000000006d9 .LASF128
C:\Users\Karzan\AppData\Local\Temp\ccVXWpoM.s:2716   .debug_str:000000000000037f .LASF173
C:\Users\Karzan\AppData\Local\Temp\ccVXWpoM.s:2816   .debug_str:0000000000000560 .LASF129
C:\Users\Karzan\AppData\Local\Temp\ccVXWpoM.s:2852   .debug_str:0000000000000677 .LASF130
C:\Users\Karzan\AppData\Local\Temp\ccVXWpoM.s:2632   .debug_str:0000000000000200 .LASF131
C:\Users\Karzan\AppData\Local\Temp\ccVXWpoM.s:2782   .debug_str:00000000000004c4 .LASF132
C:\Users\Karzan\AppData\Local\Temp\ccVXWpoM.s:2748   .debug_str:0000000000000425 .LASF133
C:\Users\Karzan\AppData\Local\Temp\ccVXWpoM.s:2678   .debug_str:00000000000002d5 .LASF134
C:\Users\Karzan\AppData\Local\Temp\ccVXWpoM.s:2868   .debug_str:00000000000006c9 .LASF135
GAS LISTING C:\Users\Karzan\AppData\Local\Temp\ccVXWpoM.s 			page 6


C:\Users\Karzan\AppData\Local\Temp\ccVXWpoM.s:2896   .debug_str:0000000000000746 .LASF136
C:\Users\Karzan\AppData\Local\Temp\ccVXWpoM.s:2686   .debug_str:00000000000002fe .LASF137
C:\Users\Karzan\AppData\Local\Temp\ccVXWpoM.s:2746   .debug_str:000000000000041f .LASF138
C:\Users\Karzan\AppData\Local\Temp\ccVXWpoM.s:2692   .debug_str:0000000000000312 .LASF139
C:\Users\Karzan\AppData\Local\Temp\ccVXWpoM.s:2646   .debug_str:0000000000000249 .LASF140
C:\Users\Karzan\AppData\Local\Temp\ccVXWpoM.s:2556   .debug_str:0000000000000032 .LASF141
C:\Users\Karzan\AppData\Local\Temp\ccVXWpoM.s:2552   .debug_str:0000000000000022 .LASF142
C:\Users\Karzan\AppData\Local\Temp\ccVXWpoM.s:2706   .debug_str:000000000000035b .LASF143
C:\Users\Karzan\AppData\Local\Temp\ccVXWpoM.s:2728   .debug_str:00000000000003b5 .LASF144
C:\Users\Karzan\AppData\Local\Temp\ccVXWpoM.s:2732   .debug_str:00000000000003c8 .LASF145
C:\Users\Karzan\AppData\Local\Temp\ccVXWpoM.s:2830   .debug_str:000000000000059c .LASF146
C:\Users\Karzan\AppData\Local\Temp\ccVXWpoM.s:2882   .debug_str:0000000000000707 .LASF147
C:\Users\Karzan\AppData\Local\Temp\ccVXWpoM.s:2720   .debug_str:0000000000000392 .LASF148
C:\Users\Karzan\AppData\Local\Temp\ccVXWpoM.s:2752   .debug_str:0000000000000436 .LASF149
C:\Users\Karzan\AppData\Local\Temp\ccVXWpoM.s:2560   .debug_str:0000000000000044 .LASF150
C:\Users\Karzan\AppData\Local\Temp\ccVXWpoM.s:2586   .debug_str:0000000000000131 .LASF151
C:\Users\Karzan\AppData\Local\Temp\ccVXWpoM.s:2592   .debug_str:0000000000000150 .LASF152
C:\Users\Karzan\AppData\Local\Temp\ccVXWpoM.s:2562   .debug_str:000000000000004e .LASF153
C:\Users\Karzan\AppData\Local\Temp\ccVXWpoM.s:2762   .debug_str:000000000000046e .LASF154
C:\Users\Karzan\AppData\Local\Temp\ccVXWpoM.s:2840   .debug_str:00000000000005c4 .LASF155
C:\Users\Karzan\AppData\Local\Temp\ccVXWpoM.s:2756   .debug_str:0000000000000452 .LASF156
C:\Users\Karzan\AppData\Local\Temp\ccVXWpoM.s:2688   .debug_str:0000000000000304 .LASF157
C:\Users\Karzan\AppData\Local\Temp\ccVXWpoM.s:2564   .debug_str:0000000000000055 .LASF158
C:\Users\Karzan\AppData\Local\Temp\ccVXWpoM.s:2884   .debug_str:000000000000070e .LASF159
C:\Users\Karzan\AppData\Local\Temp\ccVXWpoM.s:2718   .debug_str:000000000000038a .LASF160
C:\Users\Karzan\AppData\Local\Temp\ccVXWpoM.s:2820   .debug_str:0000000000000574 .LASF161
C:\Users\Karzan\AppData\Local\Temp\ccVXWpoM.s:2666   .debug_str:00000000000002a0 .LASF162
C:\Users\Karzan\AppData\Local\Temp\ccVXWpoM.s:2892   .debug_str:0000000000000733 .LASF163
C:\Users\Karzan\AppData\Local\Temp\ccVXWpoM.s:2668   .debug_str:00000000000002aa .LASF164
C:\Users\Karzan\AppData\Local\Temp\ccVXWpoM.s:2788   .debug_str:00000000000004e2 .LASF165
C:\Users\Karzan\AppData\Local\Temp\ccVXWpoM.s:2618   .debug_str:00000000000001c5 .LASF166
C:\Users\Karzan\AppData\Local\Temp\ccVXWpoM.s:2772   .debug_str:0000000000000499 .LASF167
C:\Users\Karzan\AppData\Local\Temp\ccVXWpoM.s:2574   .debug_str:0000000000000099 .LASF168
C:\Users\Karzan\AppData\Local\Temp\ccVXWpoM.s:2826   .debug_str:0000000000000589 .LASF169
C:\Users\Karzan\AppData\Local\Temp\ccVXWpoM.s:2626   .debug_str:00000000000001e5 .LASF174
C:\Users\Karzan\AppData\Local\Temp\ccVXWpoM.s:14     .text._fstat:0000000000000000 .LFB1
C:\Users\Karzan\AppData\Local\Temp\ccVXWpoM.s:60     .text._fstat:0000000000000022 .LFE1
C:\Users\Karzan\AppData\Local\Temp\ccVXWpoM.s:2464   .debug_loc:0000000000000000 .LLST0
C:\Users\Karzan\AppData\Local\Temp\ccVXWpoM.s:2487   .debug_loc:0000000000000038 .LLST1
C:\Users\Karzan\AppData\Local\Temp\ccVXWpoM.s:2501   .debug_loc:0000000000000059 .LLST2
C:\Users\Karzan\AppData\Local\Temp\ccVXWpoM.s:30     .text._fstat:000000000000000e .LVL1
C:\Users\Karzan\AppData\Local\Temp\ccVXWpoM.s:2580   .debug_str:000000000000010c .LASF175
C:\Users\Karzan\AppData\Local\Temp\ccVXWpoM.s:2712   .debug_str:0000000000000370 .LASF176
C:\Users\Karzan\AppData\Local\Temp\ccVXWpoM.s:22     .text._fstat:0000000000000002 .LCFI0
C:\Users\Karzan\AppData\Local\Temp\ccVXWpoM.s:48     .text._fstat:000000000000001c .LCFI1
C:\Users\Karzan\AppData\Local\Temp\ccVXWpoM.s:54     .text._fstat:000000000000001e .LCFI2
C:\Users\Karzan\AppData\Local\Temp\ccVXWpoM.s:18     .text._fstat:0000000000000000 .LVL0
C:\Users\Karzan\AppData\Local\Temp\ccVXWpoM.s:50     .text._fstat:000000000000001c .LVL2
C:\Users\Karzan\AppData\Local\Temp\ccVXWpoM.s:52     .text._fstat:000000000000001e .LVL3
C:\Users\Karzan\AppData\Local\Temp\ccVXWpoM.s:77     .debug_info:0000000000000000 .Ldebug_info0

UNDEFINED SYMBOLS
isatty
