GAS LISTING C:\Users\Karzan\AppData\Local\Temp\ccnVoIA2.s 			page 1


   1              		.file	"gd32vf103_eclic.c"
   2              		.option nopic
   3              		.attribute arch, "rv32i2p0_m2p0_a2p0_c2p0"
   4              		.attribute unaligned_access, 0
   5              		.attribute stack_align, 16
   6              		.text
   7              	.Ltext0:
   8              		.cfi_sections	.debug_frame
   9              		.section	.text.eclic_global_interrupt_enable,"ax",@progbits
  10              		.align	1
  11              		.globl	eclic_global_interrupt_enable
  13              	eclic_global_interrupt_enable:
  14              	.LFB2:
  15              		.file 1 "./../../firmware/GD32VF103_standard_peripheral/Source/gd32vf103_eclic.c"
   1:./../../firmware/GD32VF103_standard_peripheral/Source/gd32vf103_eclic.c **** /*!
   2:./../../firmware/GD32VF103_standard_peripheral/Source/gd32vf103_eclic.c ****     \file    gd32vf103_eclic.c
   3:./../../firmware/GD32VF103_standard_peripheral/Source/gd32vf103_eclic.c ****     \brief   ECLIC(Enhancement Core-Local Interrupt Controller) driver
   4:./../../firmware/GD32VF103_standard_peripheral/Source/gd32vf103_eclic.c **** 
   5:./../../firmware/GD32VF103_standard_peripheral/Source/gd32vf103_eclic.c ****     \version 2019-06-05, V1.0.0, firmware for GD32VF103
   6:./../../firmware/GD32VF103_standard_peripheral/Source/gd32vf103_eclic.c ****     \version 2020-08-04, V1.1.0, firmware for GD32VF103
   7:./../../firmware/GD32VF103_standard_peripheral/Source/gd32vf103_eclic.c **** */
   8:./../../firmware/GD32VF103_standard_peripheral/Source/gd32vf103_eclic.c **** 
   9:./../../firmware/GD32VF103_standard_peripheral/Source/gd32vf103_eclic.c **** /*
  10:./../../firmware/GD32VF103_standard_peripheral/Source/gd32vf103_eclic.c ****     Copyright (c) 2020, GigaDevice Semiconductor Inc.
  11:./../../firmware/GD32VF103_standard_peripheral/Source/gd32vf103_eclic.c **** 
  12:./../../firmware/GD32VF103_standard_peripheral/Source/gd32vf103_eclic.c ****     Redistribution and use in source and binary forms, with or without modification,
  13:./../../firmware/GD32VF103_standard_peripheral/Source/gd32vf103_eclic.c **** are permitted provided that the following conditions are met:
  14:./../../firmware/GD32VF103_standard_peripheral/Source/gd32vf103_eclic.c **** 
  15:./../../firmware/GD32VF103_standard_peripheral/Source/gd32vf103_eclic.c ****     1. Redistributions of source code must retain the above copyright notice, this
  16:./../../firmware/GD32VF103_standard_peripheral/Source/gd32vf103_eclic.c ****        list of conditions and the following disclaimer.
  17:./../../firmware/GD32VF103_standard_peripheral/Source/gd32vf103_eclic.c ****     2. Redistributions in binary form must reproduce the above copyright notice,
  18:./../../firmware/GD32VF103_standard_peripheral/Source/gd32vf103_eclic.c ****        this list of conditions and the following disclaimer in the documentation
  19:./../../firmware/GD32VF103_standard_peripheral/Source/gd32vf103_eclic.c ****        and/or other materials provided with the distribution.
  20:./../../firmware/GD32VF103_standard_peripheral/Source/gd32vf103_eclic.c ****     3. Neither the name of the copyright holder nor the names of its contributors
  21:./../../firmware/GD32VF103_standard_peripheral/Source/gd32vf103_eclic.c ****        may be used to endorse or promote products derived from this software without
  22:./../../firmware/GD32VF103_standard_peripheral/Source/gd32vf103_eclic.c ****        specific prior written permission.
  23:./../../firmware/GD32VF103_standard_peripheral/Source/gd32vf103_eclic.c **** 
  24:./../../firmware/GD32VF103_standard_peripheral/Source/gd32vf103_eclic.c ****     THIS SOFTWARE IS PROVIDED BY THE COPYRIGHT HOLDERS AND CONTRIBUTORS "AS IS"
  25:./../../firmware/GD32VF103_standard_peripheral/Source/gd32vf103_eclic.c **** AND ANY EXPRESS OR IMPLIED WARRANTIES, INCLUDING, BUT NOT LIMITED TO, THE IMPLIED
  26:./../../firmware/GD32VF103_standard_peripheral/Source/gd32vf103_eclic.c **** WARRANTIES OF MERCHANTABILITY AND FITNESS FOR A PARTICULAR PURPOSE ARE DISCLAIMED.
  27:./../../firmware/GD32VF103_standard_peripheral/Source/gd32vf103_eclic.c **** IN NO EVENT SHALL THE COPYRIGHT HOLDER OR CONTRIBUTORS BE LIABLE FOR ANY DIRECT,
  28:./../../firmware/GD32VF103_standard_peripheral/Source/gd32vf103_eclic.c **** INDIRECT, INCIDENTAL, SPECIAL, EXEMPLARY, OR CONSEQUENTIAL DAMAGES (INCLUDING, BUT
  29:./../../firmware/GD32VF103_standard_peripheral/Source/gd32vf103_eclic.c **** NOT LIMITED TO, PROCUREMENT OF SUBSTITUTE GOODS OR SERVICES; LOSS OF USE, DATA, OR
  30:./../../firmware/GD32VF103_standard_peripheral/Source/gd32vf103_eclic.c **** PROFITS; OR BUSINESS INTERRUPTION) HOWEVER CAUSED AND ON ANY THEORY OF LIABILITY,
  31:./../../firmware/GD32VF103_standard_peripheral/Source/gd32vf103_eclic.c **** WHETHER IN CONTRACT, STRICT LIABILITY, OR TORT (INCLUDING NEGLIGENCE OR OTHERWISE)
  32:./../../firmware/GD32VF103_standard_peripheral/Source/gd32vf103_eclic.c **** ARISING IN ANY WAY OUT OF THE USE OF THIS SOFTWARE, EVEN IF ADVISED OF THE POSSIBILITY
  33:./../../firmware/GD32VF103_standard_peripheral/Source/gd32vf103_eclic.c **** OF SUCH DAMAGE.
  34:./../../firmware/GD32VF103_standard_peripheral/Source/gd32vf103_eclic.c **** */
  35:./../../firmware/GD32VF103_standard_peripheral/Source/gd32vf103_eclic.c **** 
  36:./../../firmware/GD32VF103_standard_peripheral/Source/gd32vf103_eclic.c **** #include "gd32vf103_eclic.h"
  37:./../../firmware/GD32VF103_standard_peripheral/Source/gd32vf103_eclic.c **** #include "riscv_encoding.h"
  38:./../../firmware/GD32VF103_standard_peripheral/Source/gd32vf103_eclic.c **** 
  39:./../../firmware/GD32VF103_standard_peripheral/Source/gd32vf103_eclic.c **** #define REG_DBGMCU2       ((uint32_t)0xE0042008U)
  40:./../../firmware/GD32VF103_standard_peripheral/Source/gd32vf103_eclic.c **** #define REG_DBGMCU2EN     ((uint32_t)0xE004200CU)
  41:./../../firmware/GD32VF103_standard_peripheral/Source/gd32vf103_eclic.c **** 
  42:./../../firmware/GD32VF103_standard_peripheral/Source/gd32vf103_eclic.c **** /*!
  43:./../../firmware/GD32VF103_standard_peripheral/Source/gd32vf103_eclic.c ****     \brief      enable the global interrupt
GAS LISTING C:\Users\Karzan\AppData\Local\Temp\ccnVoIA2.s 			page 2


  44:./../../firmware/GD32VF103_standard_peripheral/Source/gd32vf103_eclic.c ****     \param[in]  none
  45:./../../firmware/GD32VF103_standard_peripheral/Source/gd32vf103_eclic.c ****     \param[out] none
  46:./../../firmware/GD32VF103_standard_peripheral/Source/gd32vf103_eclic.c ****     \retval     none
  47:./../../firmware/GD32VF103_standard_peripheral/Source/gd32vf103_eclic.c **** */
  48:./../../firmware/GD32VF103_standard_peripheral/Source/gd32vf103_eclic.c **** void eclic_global_interrupt_enable(void)
  49:./../../firmware/GD32VF103_standard_peripheral/Source/gd32vf103_eclic.c **** {
  16              		.loc 1 49 1
  17              		.cfi_startproc
  50:./../../firmware/GD32VF103_standard_peripheral/Source/gd32vf103_eclic.c ****     /* set machine interrupt enable bit */
  51:./../../firmware/GD32VF103_standard_peripheral/Source/gd32vf103_eclic.c ****     set_csr(mstatus, MSTATUS_MIE);
  18              		.loc 1 51 5
  19              	.LBB2:
  20              		.loc 1 51 5
  21              		.loc 1 51 5
  22              		.loc 1 51 5
  23              	 #APP
  24              	# 51 "./../../firmware/GD32VF103_standard_peripheral/Source/gd32vf103_eclic.c" 1
  52              	}
  25              		csrrs a5, mstatus, 8
  26              	# 0 "" 2
  27              	.LVL0:
  51:./../../firmware/GD32VF103_standard_peripheral/Source/gd32vf103_eclic.c ****     set_csr(mstatus, MSTATUS_MIE);
  28              		.loc 1 51 5
  29              	 #NO_APP
  30              	.LBE2:
  31              		.loc 1 52 1 is_stmt 0
  32 0004 8280     		ret
  33              		.cfi_endproc
  34              	.LFE2:
  36              		.section	.text.eclic_global_interrupt_disable,"ax",@progbits
  37              		.align	1
  38              		.globl	eclic_global_interrupt_disable
  40              	eclic_global_interrupt_disable:
  41              	.LFB3:
  53:./../../firmware/GD32VF103_standard_peripheral/Source/gd32vf103_eclic.c **** 
  54:./../../firmware/GD32VF103_standard_peripheral/Source/gd32vf103_eclic.c **** /*!
  55:./../../firmware/GD32VF103_standard_peripheral/Source/gd32vf103_eclic.c ****     \brief      disable the global interrupt
  56:./../../firmware/GD32VF103_standard_peripheral/Source/gd32vf103_eclic.c ****     \param[in]  none
  57:./../../firmware/GD32VF103_standard_peripheral/Source/gd32vf103_eclic.c ****     \param[out] none
  58:./../../firmware/GD32VF103_standard_peripheral/Source/gd32vf103_eclic.c ****     \retval     none
  59:./../../firmware/GD32VF103_standard_peripheral/Source/gd32vf103_eclic.c **** */
  60:./../../firmware/GD32VF103_standard_peripheral/Source/gd32vf103_eclic.c **** void eclic_global_interrupt_disable(void)
  61:./../../firmware/GD32VF103_standard_peripheral/Source/gd32vf103_eclic.c **** {
  42              		.loc 1 61 1 is_stmt 1
  43              		.cfi_startproc
  62:./../../firmware/GD32VF103_standard_peripheral/Source/gd32vf103_eclic.c ****     /* clear machine interrupt enable bit */
  63:./../../firmware/GD32VF103_standard_peripheral/Source/gd32vf103_eclic.c ****     clear_csr(mstatus, MSTATUS_MIE);
  44              		.loc 1 63 5
  45              	.LBB3:
  46              		.loc 1 63 5
  47              		.loc 1 63 5
  48              		.loc 1 63 5
  49              	 #APP
  50              	# 63 "./../../firmware/GD32VF103_standard_peripheral/Source/gd32vf103_eclic.c" 1
  64              	}
  51              		csrrc a5, mstatus, 8
  52              	# 0 "" 2
GAS LISTING C:\Users\Karzan\AppData\Local\Temp\ccnVoIA2.s 			page 3


  53              	.LVL1:
  63:./../../firmware/GD32VF103_standard_peripheral/Source/gd32vf103_eclic.c ****     clear_csr(mstatus, MSTATUS_MIE);
  54              		.loc 1 63 5
  55              	 #NO_APP
  56              	.LBE3:
  57              		.loc 1 64 1 is_stmt 0
  58 0004 8280     		ret
  59              		.cfi_endproc
  60              	.LFE3:
  62              		.section	.text.eclic_priority_group_set,"ax",@progbits
  63              		.align	1
  64              		.globl	eclic_priority_group_set
  66              	eclic_priority_group_set:
  67              	.LFB4:
  65:./../../firmware/GD32VF103_standard_peripheral/Source/gd32vf103_eclic.c **** 
  66:./../../firmware/GD32VF103_standard_peripheral/Source/gd32vf103_eclic.c **** /*!
  67:./../../firmware/GD32VF103_standard_peripheral/Source/gd32vf103_eclic.c ****     \brief      set the priority group
  68:./../../firmware/GD32VF103_standard_peripheral/Source/gd32vf103_eclic.c ****     \param[in]  prigroup: specify the priority group
  69:./../../firmware/GD32VF103_standard_peripheral/Source/gd32vf103_eclic.c ****       \arg        ECLIC_PRIGROUP_LEVEL0_PRIO4
  70:./../../firmware/GD32VF103_standard_peripheral/Source/gd32vf103_eclic.c ****       \arg        ECLIC_PRIGROUP_LEVEL1_PRIO3
  71:./../../firmware/GD32VF103_standard_peripheral/Source/gd32vf103_eclic.c ****       \arg        ECLIC_PRIGROUP_LEVEL2_PRIO2
  72:./../../firmware/GD32VF103_standard_peripheral/Source/gd32vf103_eclic.c ****       \arg        ECLIC_PRIGROUP_LEVEL3_PRIO1
  73:./../../firmware/GD32VF103_standard_peripheral/Source/gd32vf103_eclic.c ****       \arg        ECLIC_PRIGROUP_LEVEL4_PRIO0
  74:./../../firmware/GD32VF103_standard_peripheral/Source/gd32vf103_eclic.c ****     \param[out] none
  75:./../../firmware/GD32VF103_standard_peripheral/Source/gd32vf103_eclic.c ****     \retval     none
  76:./../../firmware/GD32VF103_standard_peripheral/Source/gd32vf103_eclic.c **** */
  77:./../../firmware/GD32VF103_standard_peripheral/Source/gd32vf103_eclic.c **** void eclic_priority_group_set(uint8_t prigroup)
  78:./../../firmware/GD32VF103_standard_peripheral/Source/gd32vf103_eclic.c **** {
  68              		.loc 1 78 1 is_stmt 1
  69              		.cfi_startproc
  70              	.LVL2:
  79:./../../firmware/GD32VF103_standard_peripheral/Source/gd32vf103_eclic.c ****     eclic_set_nlbits(prigroup);
  71              		.loc 1 79 5
  72 0000 17030000 		tail	eclic_set_nlbits
  72      67000300 
  73              	.LVL3:
  74              		.cfi_endproc
  75              	.LFE4:
  77              		.section	.text.eclic_irq_enable,"ax",@progbits
  78              		.align	1
  79              		.globl	eclic_irq_enable
  81              	eclic_irq_enable:
  82              	.LFB5:
  80:./../../firmware/GD32VF103_standard_peripheral/Source/gd32vf103_eclic.c **** }
  81:./../../firmware/GD32VF103_standard_peripheral/Source/gd32vf103_eclic.c **** 
  82:./../../firmware/GD32VF103_standard_peripheral/Source/gd32vf103_eclic.c **** /*!
  83:./../../firmware/GD32VF103_standard_peripheral/Source/gd32vf103_eclic.c ****     \brief      enable the interrupt request
  84:./../../firmware/GD32VF103_standard_peripheral/Source/gd32vf103_eclic.c ****     \param[in]  source: interrupt request, detailed in IRQn_Type
  85:./../../firmware/GD32VF103_standard_peripheral/Source/gd32vf103_eclic.c ****     \param[in]  level: the level needed to set (maximum is 15, refer to the priority group)
  86:./../../firmware/GD32VF103_standard_peripheral/Source/gd32vf103_eclic.c ****     \param[in]  priority: the priority needed to set (maximum is 15, refer to the priority group)
  87:./../../firmware/GD32VF103_standard_peripheral/Source/gd32vf103_eclic.c ****     \param[out] none
  88:./../../firmware/GD32VF103_standard_peripheral/Source/gd32vf103_eclic.c ****     \retval     none
  89:./../../firmware/GD32VF103_standard_peripheral/Source/gd32vf103_eclic.c **** */
  90:./../../firmware/GD32VF103_standard_peripheral/Source/gd32vf103_eclic.c **** void eclic_irq_enable(uint32_t source, uint8_t level, uint8_t priority)
  91:./../../firmware/GD32VF103_standard_peripheral/Source/gd32vf103_eclic.c **** {
  83              		.loc 1 91 1
  84              		.cfi_startproc
GAS LISTING C:\Users\Karzan\AppData\Local\Temp\ccnVoIA2.s 			page 4


  85              	.LVL4:
  92:./../../firmware/GD32VF103_standard_peripheral/Source/gd32vf103_eclic.c ****     eclic_enable_interrupt(source);
  86              		.loc 1 92 5
  91:./../../firmware/GD32VF103_standard_peripheral/Source/gd32vf103_eclic.c ****     eclic_enable_interrupt(source);
  87              		.loc 1 91 1 is_stmt 0
  88 0000 0111     		addi	sp,sp,-32
  89              	.LCFI0:
  90              		.cfi_def_cfa_offset 32
  91 0002 06CE     		sw	ra,28(sp)
  92 0004 22CC     		sw	s0,24(sp)
  93              		.cfi_offset 1, -4
  94              		.cfi_offset 8, -8
  91:./../../firmware/GD32VF103_standard_peripheral/Source/gd32vf103_eclic.c ****     eclic_enable_interrupt(source);
  95              		.loc 1 91 1
  96 0006 32C4     		sw	a2,8(sp)
  97 0008 2A84     		mv	s0,a0
  98 000a 2EC6     		sw	a1,12(sp)
  99              		.loc 1 92 5
 100 000c 97000000 		call	eclic_enable_interrupt
 100      E7800000 
 101              	.LVL5:
  93:./../../firmware/GD32VF103_standard_peripheral/Source/gd32vf103_eclic.c ****     eclic_set_irq_lvl_abs(source, level);
 102              		.loc 1 93 5 is_stmt 1
 103 0014 B245     		lw	a1,12(sp)
 104 0016 2285     		mv	a0,s0
 105 0018 97000000 		call	eclic_set_irq_lvl_abs
 105      E7800000 
 106              	.LVL6:
  94:./../../firmware/GD32VF103_standard_peripheral/Source/gd32vf103_eclic.c ****     eclic_set_irq_priority(source, priority);
 107              		.loc 1 94 5
 108 0020 2246     		lw	a2,8(sp)
 109 0022 2285     		mv	a0,s0
  95:./../../firmware/GD32VF103_standard_peripheral/Source/gd32vf103_eclic.c **** }
 110              		.loc 1 95 1 is_stmt 0
 111 0024 6244     		lw	s0,24(sp)
 112              		.cfi_restore 8
 113              	.LVL7:
 114 0026 F240     		lw	ra,28(sp)
 115              		.cfi_restore 1
  94:./../../firmware/GD32VF103_standard_peripheral/Source/gd32vf103_eclic.c ****     eclic_set_irq_priority(source, priority);
 116              		.loc 1 94 5
 117 0028 B285     		mv	a1,a2
 118              		.loc 1 95 1
 119 002a 0561     		addi	sp,sp,32
 120              	.LCFI1:
 121              		.cfi_def_cfa_offset 0
  94:./../../firmware/GD32VF103_standard_peripheral/Source/gd32vf103_eclic.c ****     eclic_set_irq_priority(source, priority);
 122              		.loc 1 94 5
 123 002c 17030000 		tail	eclic_set_irq_priority
 123      67000300 
 124              	.LVL8:
 125              		.cfi_endproc
 126              	.LFE5:
 128              		.section	.text.eclic_irq_disable,"ax",@progbits
 129              		.align	1
 130              		.globl	eclic_irq_disable
 132              	eclic_irq_disable:
GAS LISTING C:\Users\Karzan\AppData\Local\Temp\ccnVoIA2.s 			page 5


 133              	.LFB6:
  96:./../../firmware/GD32VF103_standard_peripheral/Source/gd32vf103_eclic.c **** 
  97:./../../firmware/GD32VF103_standard_peripheral/Source/gd32vf103_eclic.c **** /*!
  98:./../../firmware/GD32VF103_standard_peripheral/Source/gd32vf103_eclic.c ****     \brief      disable the interrupt request
  99:./../../firmware/GD32VF103_standard_peripheral/Source/gd32vf103_eclic.c ****     \param[in]  source: interrupt request, detailed in IRQn_Type
 100:./../../firmware/GD32VF103_standard_peripheral/Source/gd32vf103_eclic.c ****     \param[out] none
 101:./../../firmware/GD32VF103_standard_peripheral/Source/gd32vf103_eclic.c ****     \retval     none
 102:./../../firmware/GD32VF103_standard_peripheral/Source/gd32vf103_eclic.c **** */
 103:./../../firmware/GD32VF103_standard_peripheral/Source/gd32vf103_eclic.c **** void eclic_irq_disable(uint32_t source)
 104:./../../firmware/GD32VF103_standard_peripheral/Source/gd32vf103_eclic.c **** {
 134              		.loc 1 104 1 is_stmt 1
 135              		.cfi_startproc
 136              	.LVL9:
 105:./../../firmware/GD32VF103_standard_peripheral/Source/gd32vf103_eclic.c ****     eclic_disable_interrupt(source);
 137              		.loc 1 105 5
 138 0000 17030000 		tail	eclic_disable_interrupt
 138      67000300 
 139              	.LVL10:
 140              		.cfi_endproc
 141              	.LFE6:
 143              		.section	.text.eclic_system_reset,"ax",@progbits
 144              		.align	1
 145              		.globl	eclic_system_reset
 147              	eclic_system_reset:
 148              	.LFB7:
 106:./../../firmware/GD32VF103_standard_peripheral/Source/gd32vf103_eclic.c **** }
 107:./../../firmware/GD32VF103_standard_peripheral/Source/gd32vf103_eclic.c **** 
 108:./../../firmware/GD32VF103_standard_peripheral/Source/gd32vf103_eclic.c **** /*!
 109:./../../firmware/GD32VF103_standard_peripheral/Source/gd32vf103_eclic.c ****     \brief      reset system
 110:./../../firmware/GD32VF103_standard_peripheral/Source/gd32vf103_eclic.c ****     \param[in]  none
 111:./../../firmware/GD32VF103_standard_peripheral/Source/gd32vf103_eclic.c ****     \param[out] none
 112:./../../firmware/GD32VF103_standard_peripheral/Source/gd32vf103_eclic.c ****     \retval     none
 113:./../../firmware/GD32VF103_standard_peripheral/Source/gd32vf103_eclic.c **** */
 114:./../../firmware/GD32VF103_standard_peripheral/Source/gd32vf103_eclic.c **** void eclic_system_reset(void)
 115:./../../firmware/GD32VF103_standard_peripheral/Source/gd32vf103_eclic.c **** {
 149              		.loc 1 115 1
 150              		.cfi_startproc
 116:./../../firmware/GD32VF103_standard_peripheral/Source/gd32vf103_eclic.c ****     REG32(REG_DBGMCU2EN) = (uint32_t)0x4b5a6978U;
 151              		.loc 1 116 5
 152              		.loc 1 116 26 is_stmt 0
 153 0000 B7775A4B 		li	a5,1264218112
 154 0004 372704E0 		li	a4,-536600576
 155 0008 93878797 		addi	a5,a5,-1672
 156 000c 5CC7     		sw	a5,12(a4)
 117:./../../firmware/GD32VF103_standard_peripheral/Source/gd32vf103_eclic.c ****     REG32(REG_DBGMCU2) = (uint32_t)0x1U;
 157              		.loc 1 117 5 is_stmt 1
 158              		.loc 1 117 24 is_stmt 0
 159 000e 8547     		li	a5,1
 160 0010 1CC7     		sw	a5,8(a4)
 118:./../../firmware/GD32VF103_standard_peripheral/Source/gd32vf103_eclic.c **** }
 161              		.loc 1 118 1
 162 0012 8280     		ret
 163              		.cfi_endproc
 164              	.LFE7:
 166              		.section	.text.eclic_send_event,"ax",@progbits
 167              		.align	1
 168              		.globl	eclic_send_event
GAS LISTING C:\Users\Karzan\AppData\Local\Temp\ccnVoIA2.s 			page 6


 170              	eclic_send_event:
 171              	.LFB8:
 119:./../../firmware/GD32VF103_standard_peripheral/Source/gd32vf103_eclic.c **** 
 120:./../../firmware/GD32VF103_standard_peripheral/Source/gd32vf103_eclic.c **** /*!
 121:./../../firmware/GD32VF103_standard_peripheral/Source/gd32vf103_eclic.c ****     \brief      send event(SEV)
 122:./../../firmware/GD32VF103_standard_peripheral/Source/gd32vf103_eclic.c ****     \param[in]  none
 123:./../../firmware/GD32VF103_standard_peripheral/Source/gd32vf103_eclic.c ****     \param[out] none
 124:./../../firmware/GD32VF103_standard_peripheral/Source/gd32vf103_eclic.c ****     \retval     none
 125:./../../firmware/GD32VF103_standard_peripheral/Source/gd32vf103_eclic.c **** */
 126:./../../firmware/GD32VF103_standard_peripheral/Source/gd32vf103_eclic.c **** void eclic_send_event(void)
 127:./../../firmware/GD32VF103_standard_peripheral/Source/gd32vf103_eclic.c **** {
 172              		.loc 1 127 1 is_stmt 1
 173              		.cfi_startproc
 128:./../../firmware/GD32VF103_standard_peripheral/Source/gd32vf103_eclic.c ****     set_csr(0x812U, 0x1U);
 174              		.loc 1 128 5
 175              	.LBB4:
 176              		.loc 1 128 5
 177              		.loc 1 128 5
 178              		.loc 1 128 5
 179              	 #APP
 180              	# 128 "./../../firmware/GD32VF103_standard_peripheral/Source/gd32vf103_eclic.c" 1
 129              	}
 181              		csrrs a5, 0x812U, 1
 182              	# 0 "" 2
 183              	.LVL11:
 128:./../../firmware/GD32VF103_standard_peripheral/Source/gd32vf103_eclic.c ****     set_csr(0x812U, 0x1U);
 184              		.loc 1 128 5
 185              	 #NO_APP
 186              	.LBE4:
 187              		.loc 1 129 1 is_stmt 0
 188 0004 8280     		ret
 189              		.cfi_endproc
 190              	.LFE8:
 192              		.text
 193              	.Letext0:
 194              		.file 2 "c:\\users\\karzan\\downloads\\toolchain-gd32v-v202-win\\toolchain-gd32v-v202-win\\compile
 195              		.file 3 "c:\\users\\karzan\\downloads\\toolchain-gd32v-v202-win\\toolchain-gd32v-v202-win\\compile
 196              		.file 4 "./../../firmware/RISCV/drivers/n200_func.h"
 197              		.file 5 "./../../firmware/GD32VF103_standard_peripheral/system_gd32vf103.h"
GAS LISTING C:\Users\Karzan\AppData\Local\Temp\ccnVoIA2.s 			page 7


DEFINED SYMBOLS
                            *ABS*:0000000000000000 gd32vf103_eclic.c
C:\Users\Karzan\AppData\Local\Temp\ccnVoIA2.s:13     .text.eclic_global_interrupt_enable:0000000000000000 eclic_global_interrupt_enable
C:\Users\Karzan\AppData\Local\Temp\ccnVoIA2.s:17     .text.eclic_global_interrupt_enable:0000000000000000 .L0 
C:\Users\Karzan\AppData\Local\Temp\ccnVoIA2.s:18     .text.eclic_global_interrupt_enable:0000000000000000 .L0 
C:\Users\Karzan\AppData\Local\Temp\ccnVoIA2.s:20     .text.eclic_global_interrupt_enable:0000000000000000 .L0 
C:\Users\Karzan\AppData\Local\Temp\ccnVoIA2.s:21     .text.eclic_global_interrupt_enable:0000000000000000 .L0 
C:\Users\Karzan\AppData\Local\Temp\ccnVoIA2.s:22     .text.eclic_global_interrupt_enable:0000000000000000 .L0 
./../../firmware/GD32VF103_standard_peripheral/Source/gd32vf103_eclic.c:51     .text.eclic_global_interrupt_enable:0000000000000000 .L0 
C:\Users\Karzan\AppData\Local\Temp\ccnVoIA2.s:31     .text.eclic_global_interrupt_enable:0000000000000004 .L0 
C:\Users\Karzan\AppData\Local\Temp\ccnVoIA2.s:32     .text.eclic_global_interrupt_enable:0000000000000004 .L0 
C:\Users\Karzan\AppData\Local\Temp\ccnVoIA2.s:33     .text.eclic_global_interrupt_enable:0000000000000006 .L0 
C:\Users\Karzan\AppData\Local\Temp\ccnVoIA2.s:40     .text.eclic_global_interrupt_disable:0000000000000000 eclic_global_interrupt_disable
C:\Users\Karzan\AppData\Local\Temp\ccnVoIA2.s:43     .text.eclic_global_interrupt_disable:0000000000000000 .L0 
C:\Users\Karzan\AppData\Local\Temp\ccnVoIA2.s:44     .text.eclic_global_interrupt_disable:0000000000000000 .L0 
C:\Users\Karzan\AppData\Local\Temp\ccnVoIA2.s:46     .text.eclic_global_interrupt_disable:0000000000000000 .L0 
C:\Users\Karzan\AppData\Local\Temp\ccnVoIA2.s:47     .text.eclic_global_interrupt_disable:0000000000000000 .L0 
C:\Users\Karzan\AppData\Local\Temp\ccnVoIA2.s:48     .text.eclic_global_interrupt_disable:0000000000000000 .L0 
./../../firmware/GD32VF103_standard_peripheral/Source/gd32vf103_eclic.c:63     .text.eclic_global_interrupt_disable:0000000000000000 .L0 
C:\Users\Karzan\AppData\Local\Temp\ccnVoIA2.s:57     .text.eclic_global_interrupt_disable:0000000000000004 .L0 
C:\Users\Karzan\AppData\Local\Temp\ccnVoIA2.s:58     .text.eclic_global_interrupt_disable:0000000000000004 .L0 
C:\Users\Karzan\AppData\Local\Temp\ccnVoIA2.s:59     .text.eclic_global_interrupt_disable:0000000000000006 .L0 
C:\Users\Karzan\AppData\Local\Temp\ccnVoIA2.s:66     .text.eclic_priority_group_set:0000000000000000 eclic_priority_group_set
C:\Users\Karzan\AppData\Local\Temp\ccnVoIA2.s:69     .text.eclic_priority_group_set:0000000000000000 .L0 
C:\Users\Karzan\AppData\Local\Temp\ccnVoIA2.s:71     .text.eclic_priority_group_set:0000000000000000 .L0 
C:\Users\Karzan\AppData\Local\Temp\ccnVoIA2.s:72     .text.eclic_priority_group_set:0000000000000000 .L0 
C:\Users\Karzan\AppData\Local\Temp\ccnVoIA2.s:74     .text.eclic_priority_group_set:0000000000000008 .L0 
C:\Users\Karzan\AppData\Local\Temp\ccnVoIA2.s:81     .text.eclic_irq_enable:0000000000000000 eclic_irq_enable
C:\Users\Karzan\AppData\Local\Temp\ccnVoIA2.s:84     .text.eclic_irq_enable:0000000000000000 .L0 
C:\Users\Karzan\AppData\Local\Temp\ccnVoIA2.s:86     .text.eclic_irq_enable:0000000000000000 .L0 
C:\Users\Karzan\AppData\Local\Temp\ccnVoIA2.s:87     .text.eclic_irq_enable:0000000000000000 .L0 
C:\Users\Karzan\AppData\Local\Temp\ccnVoIA2.s:88     .text.eclic_irq_enable:0000000000000000 .L0 
C:\Users\Karzan\AppData\Local\Temp\ccnVoIA2.s:90     .text.eclic_irq_enable:0000000000000002 .L0 
C:\Users\Karzan\AppData\Local\Temp\ccnVoIA2.s:93     .text.eclic_irq_enable:0000000000000006 .L0 
C:\Users\Karzan\AppData\Local\Temp\ccnVoIA2.s:94     .text.eclic_irq_enable:0000000000000006 .L0 
C:\Users\Karzan\AppData\Local\Temp\ccnVoIA2.s:96     .text.eclic_irq_enable:0000000000000006 .L0 
C:\Users\Karzan\AppData\Local\Temp\ccnVoIA2.s:100    .text.eclic_irq_enable:000000000000000c .L0 
C:\Users\Karzan\AppData\Local\Temp\ccnVoIA2.s:103    .text.eclic_irq_enable:0000000000000014 .L0 
C:\Users\Karzan\AppData\Local\Temp\ccnVoIA2.s:108    .text.eclic_irq_enable:0000000000000020 .L0 
C:\Users\Karzan\AppData\Local\Temp\ccnVoIA2.s:111    .text.eclic_irq_enable:0000000000000024 .L0 
C:\Users\Karzan\AppData\Local\Temp\ccnVoIA2.s:112    .text.eclic_irq_enable:0000000000000026 .L0 
C:\Users\Karzan\AppData\Local\Temp\ccnVoIA2.s:115    .text.eclic_irq_enable:0000000000000028 .L0 
C:\Users\Karzan\AppData\Local\Temp\ccnVoIA2.s:117    .text.eclic_irq_enable:0000000000000028 .L0 
C:\Users\Karzan\AppData\Local\Temp\ccnVoIA2.s:119    .text.eclic_irq_enable:000000000000002a .L0 
C:\Users\Karzan\AppData\Local\Temp\ccnVoIA2.s:121    .text.eclic_irq_enable:000000000000002c .L0 
C:\Users\Karzan\AppData\Local\Temp\ccnVoIA2.s:123    .text.eclic_irq_enable:000000000000002c .L0 
C:\Users\Karzan\AppData\Local\Temp\ccnVoIA2.s:125    .text.eclic_irq_enable:0000000000000034 .L0 
C:\Users\Karzan\AppData\Local\Temp\ccnVoIA2.s:132    .text.eclic_irq_disable:0000000000000000 eclic_irq_disable
C:\Users\Karzan\AppData\Local\Temp\ccnVoIA2.s:135    .text.eclic_irq_disable:0000000000000000 .L0 
C:\Users\Karzan\AppData\Local\Temp\ccnVoIA2.s:137    .text.eclic_irq_disable:0000000000000000 .L0 
C:\Users\Karzan\AppData\Local\Temp\ccnVoIA2.s:138    .text.eclic_irq_disable:0000000000000000 .L0 
C:\Users\Karzan\AppData\Local\Temp\ccnVoIA2.s:140    .text.eclic_irq_disable:0000000000000008 .L0 
C:\Users\Karzan\AppData\Local\Temp\ccnVoIA2.s:147    .text.eclic_system_reset:0000000000000000 eclic_system_reset
C:\Users\Karzan\AppData\Local\Temp\ccnVoIA2.s:150    .text.eclic_system_reset:0000000000000000 .L0 
C:\Users\Karzan\AppData\Local\Temp\ccnVoIA2.s:151    .text.eclic_system_reset:0000000000000000 .L0 
C:\Users\Karzan\AppData\Local\Temp\ccnVoIA2.s:152    .text.eclic_system_reset:0000000000000000 .L0 
C:\Users\Karzan\AppData\Local\Temp\ccnVoIA2.s:153    .text.eclic_system_reset:0000000000000000 .L0 
GAS LISTING C:\Users\Karzan\AppData\Local\Temp\ccnVoIA2.s 			page 8


C:\Users\Karzan\AppData\Local\Temp\ccnVoIA2.s:158    .text.eclic_system_reset:000000000000000e .L0 
C:\Users\Karzan\AppData\Local\Temp\ccnVoIA2.s:159    .text.eclic_system_reset:000000000000000e .L0 
C:\Users\Karzan\AppData\Local\Temp\ccnVoIA2.s:162    .text.eclic_system_reset:0000000000000012 .L0 
C:\Users\Karzan\AppData\Local\Temp\ccnVoIA2.s:163    .text.eclic_system_reset:0000000000000014 .L0 
C:\Users\Karzan\AppData\Local\Temp\ccnVoIA2.s:170    .text.eclic_send_event:0000000000000000 eclic_send_event
C:\Users\Karzan\AppData\Local\Temp\ccnVoIA2.s:173    .text.eclic_send_event:0000000000000000 .L0 
C:\Users\Karzan\AppData\Local\Temp\ccnVoIA2.s:174    .text.eclic_send_event:0000000000000000 .L0 
C:\Users\Karzan\AppData\Local\Temp\ccnVoIA2.s:176    .text.eclic_send_event:0000000000000000 .L0 
C:\Users\Karzan\AppData\Local\Temp\ccnVoIA2.s:177    .text.eclic_send_event:0000000000000000 .L0 
C:\Users\Karzan\AppData\Local\Temp\ccnVoIA2.s:178    .text.eclic_send_event:0000000000000000 .L0 
./../../firmware/GD32VF103_standard_peripheral/Source/gd32vf103_eclic.c:128    .text.eclic_send_event:0000000000000000 .L0 
C:\Users\Karzan\AppData\Local\Temp\ccnVoIA2.s:187    .text.eclic_send_event:0000000000000004 .L0 
C:\Users\Karzan\AppData\Local\Temp\ccnVoIA2.s:188    .text.eclic_send_event:0000000000000004 .L0 
C:\Users\Karzan\AppData\Local\Temp\ccnVoIA2.s:189    .text.eclic_send_event:0000000000000006 .L0 
C:\Users\Karzan\AppData\Local\Temp\ccnVoIA2.s:36     .text.eclic_global_interrupt_enable:0000000000000006 .L0 
C:\Users\Karzan\AppData\Local\Temp\ccnVoIA2.s:62     .text.eclic_global_interrupt_disable:0000000000000006 .L0 
C:\Users\Karzan\AppData\Local\Temp\ccnVoIA2.s:77     .text.eclic_priority_group_set:0000000000000008 .L0 
C:\Users\Karzan\AppData\Local\Temp\ccnVoIA2.s:128    .text.eclic_irq_enable:0000000000000034 .L0 
C:\Users\Karzan\AppData\Local\Temp\ccnVoIA2.s:143    .text.eclic_irq_disable:0000000000000008 .L0 
C:\Users\Karzan\AppData\Local\Temp\ccnVoIA2.s:166    .text.eclic_system_reset:0000000000000014 .L0 
C:\Users\Karzan\AppData\Local\Temp\ccnVoIA2.s:192    .text.eclic_send_event:0000000000000006 .L0 
                     .debug_frame:0000000000000000 .L0 
C:\Users\Karzan\AppData\Local\Temp\ccnVoIA2.s:563    .debug_abbrev:0000000000000000 .Ldebug_abbrev0
C:\Users\Karzan\AppData\Local\Temp\ccnVoIA2.s:1020   .debug_str:000000000000020e .LASF30
C:\Users\Karzan\AppData\Local\Temp\ccnVoIA2.s:1026   .debug_str:00000000000002a8 .LASF31
C:\Users\Karzan\AppData\Local\Temp\ccnVoIA2.s:1010   .debug_str:0000000000000163 .LASF32
C:\Users\Karzan\AppData\Local\Temp\ccnVoIA2.s:946    .debug_ranges:0000000000000000 .Ldebug_ranges0
C:\Users\Karzan\AppData\Local\Temp\ccnVoIA2.s:964    .debug_line:0000000000000000 .Ldebug_line0
C:\Users\Karzan\AppData\Local\Temp\ccnVoIA2.s:996    .debug_str:00000000000000f8 .LASF0
C:\Users\Karzan\AppData\Local\Temp\ccnVoIA2.s:1030   .debug_str:00000000000002fc .LASF1
C:\Users\Karzan\AppData\Local\Temp\ccnVoIA2.s:970    .debug_str:000000000000002c .LASF6
C:\Users\Karzan\AppData\Local\Temp\ccnVoIA2.s:982    .debug_str:000000000000009a .LASF2
C:\Users\Karzan\AppData\Local\Temp\ccnVoIA2.s:1014   .debug_str:00000000000001dc .LASF3
C:\Users\Karzan\AppData\Local\Temp\ccnVoIA2.s:986    .debug_str:00000000000000ba .LASF4
C:\Users\Karzan\AppData\Local\Temp\ccnVoIA2.s:1024   .debug_str:000000000000029f .LASF5
C:\Users\Karzan\AppData\Local\Temp\ccnVoIA2.s:994    .debug_str:00000000000000ed .LASF7
C:\Users\Karzan\AppData\Local\Temp\ccnVoIA2.s:984    .debug_str:00000000000000a8 .LASF8
C:\Users\Karzan\AppData\Local\Temp\ccnVoIA2.s:966    .debug_str:0000000000000000 .LASF9
C:\Users\Karzan\AppData\Local\Temp\ccnVoIA2.s:1000   .debug_str:000000000000011d .LASF10
C:\Users\Karzan\AppData\Local\Temp\ccnVoIA2.s:1002   .debug_str:0000000000000134 .LASF11
C:\Users\Karzan\AppData\Local\Temp\ccnVoIA2.s:1022   .debug_str:0000000000000296 .LASF12
C:\Users\Karzan\AppData\Local\Temp\ccnVoIA2.s:1008   .debug_str:0000000000000153 .LASF33
C:\Users\Karzan\AppData\Local\Temp\ccnVoIA2.s:1028   .debug_str:00000000000002f0 .LASF13
C:\Users\Karzan\AppData\Local\Temp\ccnVoIA2.s:1004   .debug_str:000000000000013c .LASF14
C:\Users\Karzan\AppData\Local\Temp\ccnVoIA2.s:171    .text.eclic_send_event:0000000000000000 .LFB8
C:\Users\Karzan\AppData\Local\Temp\ccnVoIA2.s:190    .text.eclic_send_event:0000000000000006 .LFE8
C:\Users\Karzan\AppData\Local\Temp\ccnVoIA2.s:175    .text.eclic_send_event:0000000000000000 .LBB4
C:\Users\Karzan\AppData\Local\Temp\ccnVoIA2.s:186    .text.eclic_send_event:0000000000000004 .LBE4
C:\Users\Karzan\AppData\Local\Temp\ccnVoIA2.s:992    .debug_str:00000000000000e7 .LASF23
C:\Users\Karzan\AppData\Local\Temp\ccnVoIA2.s:972    .debug_str:0000000000000036 .LASF34
C:\Users\Karzan\AppData\Local\Temp\ccnVoIA2.s:148    .text.eclic_system_reset:0000000000000000 .LFB7
C:\Users\Karzan\AppData\Local\Temp\ccnVoIA2.s:164    .text.eclic_system_reset:0000000000000014 .LFE7
C:\Users\Karzan\AppData\Local\Temp\ccnVoIA2.s:978    .debug_str:000000000000007f .LASF15
C:\Users\Karzan\AppData\Local\Temp\ccnVoIA2.s:133    .text.eclic_irq_disable:0000000000000000 .LFB6
C:\Users\Karzan\AppData\Local\Temp\ccnVoIA2.s:141    .text.eclic_irq_disable:0000000000000008 .LFE6
C:\Users\Karzan\AppData\Local\Temp\ccnVoIA2.s:1032   .debug_str:0000000000000308 .LASF17
C:\Users\Karzan\AppData\Local\Temp\ccnVoIA2.s:825    .debug_loc:0000000000000000 .LLST5
GAS LISTING C:\Users\Karzan\AppData\Local\Temp\ccnVoIA2.s 			page 9


C:\Users\Karzan\AppData\Local\Temp\ccnVoIA2.s:139    .text.eclic_irq_disable:0000000000000008 .LVL10
C:\Users\Karzan\AppData\Local\Temp\ccnVoIA2.s:990    .debug_str:00000000000000d6 .LASF16
C:\Users\Karzan\AppData\Local\Temp\ccnVoIA2.s:82     .text.eclic_irq_enable:0000000000000000 .LFB5
C:\Users\Karzan\AppData\Local\Temp\ccnVoIA2.s:126    .text.eclic_irq_enable:0000000000000034 .LFE5
C:\Users\Karzan\AppData\Local\Temp\ccnVoIA2.s:839    .debug_loc:0000000000000021 .LLST1
C:\Users\Karzan\AppData\Local\Temp\ccnVoIA2.s:857    .debug_loc:000000000000004d .LLST2
C:\Users\Karzan\AppData\Local\Temp\ccnVoIA2.s:1006   .debug_str:000000000000014d .LASF18
C:\Users\Karzan\AppData\Local\Temp\ccnVoIA2.s:879    .debug_loc:0000000000000084 .LLST3
C:\Users\Karzan\AppData\Local\Temp\ccnVoIA2.s:988    .debug_str:00000000000000cd .LASF19
C:\Users\Karzan\AppData\Local\Temp\ccnVoIA2.s:893    .debug_loc:00000000000000a5 .LLST4
C:\Users\Karzan\AppData\Local\Temp\ccnVoIA2.s:101    .text.eclic_irq_enable:0000000000000014 .LVL5
C:\Users\Karzan\AppData\Local\Temp\ccnVoIA2.s:106    .text.eclic_irq_enable:0000000000000020 .LVL6
C:\Users\Karzan\AppData\Local\Temp\ccnVoIA2.s:124    .text.eclic_irq_enable:0000000000000034 .LVL8
C:\Users\Karzan\AppData\Local\Temp\ccnVoIA2.s:1012   .debug_str:00000000000001c3 .LASF20
C:\Users\Karzan\AppData\Local\Temp\ccnVoIA2.s:67     .text.eclic_priority_group_set:0000000000000000 .LFB4
C:\Users\Karzan\AppData\Local\Temp\ccnVoIA2.s:75     .text.eclic_priority_group_set:0000000000000008 .LFE4
C:\Users\Karzan\AppData\Local\Temp\ccnVoIA2.s:980    .debug_str:0000000000000091 .LASF21
C:\Users\Karzan\AppData\Local\Temp\ccnVoIA2.s:907    .debug_loc:00000000000000c6 .LLST0
C:\Users\Karzan\AppData\Local\Temp\ccnVoIA2.s:73     .text.eclic_priority_group_set:0000000000000008 .LVL3
C:\Users\Karzan\AppData\Local\Temp\ccnVoIA2.s:976    .debug_str:0000000000000060 .LASF22
C:\Users\Karzan\AppData\Local\Temp\ccnVoIA2.s:41     .text.eclic_global_interrupt_disable:0000000000000000 .LFB3
C:\Users\Karzan\AppData\Local\Temp\ccnVoIA2.s:60     .text.eclic_global_interrupt_disable:0000000000000006 .LFE3
C:\Users\Karzan\AppData\Local\Temp\ccnVoIA2.s:45     .text.eclic_global_interrupt_disable:0000000000000000 .LBB3
C:\Users\Karzan\AppData\Local\Temp\ccnVoIA2.s:56     .text.eclic_global_interrupt_disable:0000000000000004 .LBE3
C:\Users\Karzan\AppData\Local\Temp\ccnVoIA2.s:968    .debug_str:000000000000000e .LASF24
C:\Users\Karzan\AppData\Local\Temp\ccnVoIA2.s:14     .text.eclic_global_interrupt_enable:0000000000000000 .LFB2
C:\Users\Karzan\AppData\Local\Temp\ccnVoIA2.s:34     .text.eclic_global_interrupt_enable:0000000000000006 .LFE2
C:\Users\Karzan\AppData\Local\Temp\ccnVoIA2.s:19     .text.eclic_global_interrupt_enable:0000000000000000 .LBB2
C:\Users\Karzan\AppData\Local\Temp\ccnVoIA2.s:30     .text.eclic_global_interrupt_enable:0000000000000004 .LBE2
C:\Users\Karzan\AppData\Local\Temp\ccnVoIA2.s:998    .debug_str:0000000000000105 .LASF25
C:\Users\Karzan\AppData\Local\Temp\ccnVoIA2.s:974    .debug_str:0000000000000049 .LASF26
C:\Users\Karzan\AppData\Local\Temp\ccnVoIA2.s:1034   .debug_str:000000000000030f .LASF27
C:\Users\Karzan\AppData\Local\Temp\ccnVoIA2.s:1016   .debug_str:00000000000001e6 .LASF28
C:\Users\Karzan\AppData\Local\Temp\ccnVoIA2.s:1018   .debug_str:00000000000001fd .LASF29
C:\Users\Karzan\AppData\Local\Temp\ccnVoIA2.s:136    .text.eclic_irq_disable:0000000000000000 .LVL9
C:\Users\Karzan\AppData\Local\Temp\ccnVoIA2.s:89     .text.eclic_irq_enable:0000000000000002 .LCFI0
C:\Users\Karzan\AppData\Local\Temp\ccnVoIA2.s:120    .text.eclic_irq_enable:000000000000002c .LCFI1
C:\Users\Karzan\AppData\Local\Temp\ccnVoIA2.s:85     .text.eclic_irq_enable:0000000000000000 .LVL4
C:\Users\Karzan\AppData\Local\Temp\ccnVoIA2.s:113    .text.eclic_irq_enable:0000000000000026 .LVL7
C:\Users\Karzan\AppData\Local\Temp\ccnVoIA2.s:70     .text.eclic_priority_group_set:0000000000000000 .LVL2
C:\Users\Karzan\AppData\Local\Temp\ccnVoIA2.s:199    .debug_info:0000000000000000 .Ldebug_info0

UNDEFINED SYMBOLS
eclic_set_nlbits
eclic_enable_interrupt
eclic_set_irq_lvl_abs
eclic_set_irq_priority
eclic_disable_interrupt
