GAS LISTING C:\Users\Karzan\AppData\Local\Temp\ccz6Wz1c.s 			page 1


   1              		.file	"lseek.c"
   2              		.option nopic
   3              		.attribute arch, "rv32i2p0_m2p0_a2p0_c2p0"
   4              		.attribute unaligned_access, 0
   5              		.attribute stack_align, 16
   6              		.text
   7              	.Ltext0:
   8              		.cfi_sections	.debug_frame
   9              		.section	.text._lseek,"ax",@progbits
  10              		.align	1
  11              		.globl	_lseek
  13              	_lseek:
  14              	.LFB1:
  15              		.file 1 "./../../firmware/RISCV/stubs/lseek.c"
   1:./../../firmware/RISCV/stubs/lseek.c **** /* See LICENSE of license details. */
   2:./../../firmware/RISCV/stubs/lseek.c **** 
   3:./../../firmware/RISCV/stubs/lseek.c **** #include <errno.h>
   4:./../../firmware/RISCV/stubs/lseek.c **** #include <unistd.h>
   5:./../../firmware/RISCV/stubs/lseek.c **** #include <sys/types.h>
   6:./../../firmware/RISCV/stubs/lseek.c **** #include "stub.h"
   7:./../../firmware/RISCV/stubs/lseek.c **** 
   8:./../../firmware/RISCV/stubs/lseek.c **** off_t _lseek(int fd, off_t ptr, int dir)
   9:./../../firmware/RISCV/stubs/lseek.c **** {
  16              		.loc 1 9 1
  17              		.cfi_startproc
  18              	.LVL0:
  10:./../../firmware/RISCV/stubs/lseek.c ****   if (isatty(fd))
  19              		.loc 1 10 3
   9:./../../firmware/RISCV/stubs/lseek.c ****   if (isatty(fd))
  20              		.loc 1 9 1 is_stmt 0
  21 0000 4111     		addi	sp,sp,-16
  22              	.LCFI0:
  23              		.cfi_def_cfa_offset 16
  24 0002 06C6     		sw	ra,12(sp)
  25              		.cfi_offset 1, -4
  26              		.loc 1 10 7
  27 0004 97000000 		call	isatty
  27      E7800000 
  28              	.LVL1:
  11:./../../firmware/RISCV/stubs/lseek.c ****     return 0;
  12:./../../firmware/RISCV/stubs/lseek.c **** 
  13:./../../firmware/RISCV/stubs/lseek.c ****   return _stub(EBADF);
  14:./../../firmware/RISCV/stubs/lseek.c **** }
  29              		.loc 1 14 1
  30 000c B240     		lw	ra,12(sp)
  31              		.cfi_restore 1
  10:./../../firmware/RISCV/stubs/lseek.c ****     return 0;
  32              		.loc 1 10 6
  33 000e 13351500 		seqz	a0,a0
  34              		.loc 1 14 1
  35 0012 3305A040 		neg	a0,a0
  36 0016 4101     		addi	sp,sp,16
  37              	.LCFI1:
  38              		.cfi_def_cfa_offset 0
  39 0018 8280     		jr	ra
  40              		.cfi_endproc
  41              	.LFE1:
GAS LISTING C:\Users\Karzan\AppData\Local\Temp\ccz6Wz1c.s 			page 2


  43              		.text
  44              	.Letext0:
  45              		.file 2 "c:\\users\\karzan\\downloads\\toolchain-gd32v-v202-win\\toolchain-gd32v-v202-win\\compile
  46              		.file 3 "c:\\users\\karzan\\downloads\\toolchain-gd32v-v202-win\\toolchain-gd32v-v202-win\\compile
  47              		.file 4 "c:\\users\\karzan\\downloads\\toolchain-gd32v-v202-win\\toolchain-gd32v-v202-win\\compile
  48              		.file 5 "c:\\users\\karzan\\downloads\\toolchain-gd32v-v202-win\\toolchain-gd32v-v202-win\\compile
  49              		.file 6 "c:\\users\\karzan\\downloads\\toolchain-gd32v-v202-win\\toolchain-gd32v-v202-win\\compile
  50              		.file 7 "c:\\users\\karzan\\downloads\\toolchain-gd32v-v202-win\\toolchain-gd32v-v202-win\\compile
  51              		.file 8 "c:\\users\\karzan\\downloads\\toolchain-gd32v-v202-win\\toolchain-gd32v-v202-win\\compile
  52              		.file 9 "./../../firmware/RISCV/stubs/stub.h"
GAS LISTING C:\Users\Karzan\AppData\Local\Temp\ccz6Wz1c.s 			page 3


DEFINED SYMBOLS
                            *ABS*:0000000000000000 lseek.c
C:\Users\Karzan\AppData\Local\Temp\ccz6Wz1c.s:13     .text._lseek:0000000000000000 _lseek
C:\Users\Karzan\AppData\Local\Temp\ccz6Wz1c.s:17     .text._lseek:0000000000000000 .L0 
C:\Users\Karzan\AppData\Local\Temp\ccz6Wz1c.s:19     .text._lseek:0000000000000000 .L0 
C:\Users\Karzan\AppData\Local\Temp\ccz6Wz1c.s:20     .text._lseek:0000000000000000 .L0 
C:\Users\Karzan\AppData\Local\Temp\ccz6Wz1c.s:21     .text._lseek:0000000000000000 .L0 
C:\Users\Karzan\AppData\Local\Temp\ccz6Wz1c.s:23     .text._lseek:0000000000000002 .L0 
C:\Users\Karzan\AppData\Local\Temp\ccz6Wz1c.s:25     .text._lseek:0000000000000004 .L0 
C:\Users\Karzan\AppData\Local\Temp\ccz6Wz1c.s:27     .text._lseek:0000000000000004 .L0 
C:\Users\Karzan\AppData\Local\Temp\ccz6Wz1c.s:30     .text._lseek:000000000000000c .L0 
C:\Users\Karzan\AppData\Local\Temp\ccz6Wz1c.s:31     .text._lseek:000000000000000e .L0 
C:\Users\Karzan\AppData\Local\Temp\ccz6Wz1c.s:33     .text._lseek:000000000000000e .L0 
C:\Users\Karzan\AppData\Local\Temp\ccz6Wz1c.s:35     .text._lseek:0000000000000012 .L0 
C:\Users\Karzan\AppData\Local\Temp\ccz6Wz1c.s:38     .text._lseek:0000000000000018 .L0 
C:\Users\Karzan\AppData\Local\Temp\ccz6Wz1c.s:40     .text._lseek:000000000000001a .L0 
C:\Users\Karzan\AppData\Local\Temp\ccz6Wz1c.s:43     .text._lseek:000000000000001a .L0 
                     .debug_frame:0000000000000000 .L0 
C:\Users\Karzan\AppData\Local\Temp\ccz6Wz1c.s:1600   .debug_abbrev:0000000000000000 .Ldebug_abbrev0
C:\Users\Karzan\AppData\Local\Temp\ccz6Wz1c.s:2441   .debug_str:000000000000049b .LASF130
C:\Users\Karzan\AppData\Local\Temp\ccz6Wz1c.s:2319   .debug_str:0000000000000256 .LASF131
C:\Users\Karzan\AppData\Local\Temp\ccz6Wz1c.s:2235   .debug_str:000000000000007a .LASF132
C:\Users\Karzan\AppData\Local\Temp\ccz6Wz1c.s:2205   .debug_ranges:0000000000000000 .Ldebug_ranges0
C:\Users\Karzan\AppData\Local\Temp\ccz6Wz1c.s:2211   .debug_line:0000000000000000 .Ldebug_line0
C:\Users\Karzan\AppData\Local\Temp\ccz6Wz1c.s:2303   .debug_str:000000000000020d .LASF0
C:\Users\Karzan\AppData\Local\Temp\ccz6Wz1c.s:2321   .debug_str:000000000000027b .LASF1
C:\Users\Karzan\AppData\Local\Temp\ccz6Wz1c.s:2245   .debug_str:0000000000000106 .LASF2
C:\Users\Karzan\AppData\Local\Temp\ccz6Wz1c.s:2353   .debug_str:0000000000000310 .LASF3
C:\Users\Karzan\AppData\Local\Temp\ccz6Wz1c.s:2335   .debug_str:00000000000002c6 .LASF10
C:\Users\Karzan\AppData\Local\Temp\ccz6Wz1c.s:2247   .debug_str:0000000000000114 .LASF4
C:\Users\Karzan\AppData\Local\Temp\ccz6Wz1c.s:2373   .debug_str:0000000000000370 .LASF5
C:\Users\Karzan\AppData\Local\Temp\ccz6Wz1c.s:2379   .debug_str:000000000000038c .LASF6
C:\Users\Karzan\AppData\Local\Temp\ccz6Wz1c.s:2263   .debug_str:0000000000000159 .LASF7
C:\Users\Karzan\AppData\Local\Temp\ccz6Wz1c.s:2311   .debug_str:0000000000000231 .LASF8
C:\Users\Karzan\AppData\Local\Temp\ccz6Wz1c.s:2231   .debug_str:000000000000005a .LASF9
C:\Users\Karzan\AppData\Local\Temp\ccz6Wz1c.s:2367   .debug_str:000000000000034d .LASF11
C:\Users\Karzan\AppData\Local\Temp\ccz6Wz1c.s:2215   .debug_str:000000000000000c .LASF12
C:\Users\Karzan\AppData\Local\Temp\ccz6Wz1c.s:2425   .debug_str:000000000000045e .LASF13
C:\Users\Karzan\AppData\Local\Temp\ccz6Wz1c.s:2461   .debug_str:000000000000057b .LASF14
C:\Users\Karzan\AppData\Local\Temp\ccz6Wz1c.s:2331   .debug_str:00000000000002b8 .LASF15
C:\Users\Karzan\AppData\Local\Temp\ccz6Wz1c.s:2305   .debug_str:000000000000021a .LASF16
C:\Users\Karzan\AppData\Local\Temp\ccz6Wz1c.s:2417   .debug_str:000000000000043c .LASF17
C:\Users\Karzan\AppData\Local\Temp\ccz6Wz1c.s:2419   .debug_str:0000000000000444 .LASF18
C:\Users\Karzan\AppData\Local\Temp\ccz6Wz1c.s:2389   .debug_str:00000000000003b4 .LASF19
C:\Users\Karzan\AppData\Local\Temp\ccz6Wz1c.s:2447   .debug_str:0000000000000531 .LASF20
C:\Users\Karzan\AppData\Local\Temp\ccz6Wz1c.s:2371   .debug_str:000000000000035e .LASF21
C:\Users\Karzan\AppData\Local\Temp\ccz6Wz1c.s:2289   .debug_str:00000000000001d0 .LASF22
C:\Users\Karzan\AppData\Local\Temp\ccz6Wz1c.s:2293   .debug_str:00000000000001e1 .LASF27
C:\Users\Karzan\AppData\Local\Temp\ccz6Wz1c.s:2437   .debug_str:0000000000000488 .LASF23
C:\Users\Karzan\AppData\Local\Temp\ccz6Wz1c.s:2411   .debug_str:0000000000000427 .LASF24
C:\Users\Karzan\AppData\Local\Temp\ccz6Wz1c.s:2287   .debug_str:00000000000001ca .LASF25
C:\Users\Karzan\AppData\Local\Temp\ccz6Wz1c.s:2455   .debug_str:0000000000000566 .LASF26
C:\Users\Karzan\AppData\Local\Temp\ccz6Wz1c.s:2301   .debug_str:0000000000000208 .LASF28
C:\Users\Karzan\AppData\Local\Temp\ccz6Wz1c.s:2243   .debug_str:00000000000000fd .LASF29
C:\Users\Karzan\AppData\Local\Temp\ccz6Wz1c.s:2431   .debug_str:0000000000000472 .LASF30
C:\Users\Karzan\AppData\Local\Temp\ccz6Wz1c.s:2253   .debug_str:000000000000012c .LASF31
C:\Users\Karzan\AppData\Local\Temp\ccz6Wz1c.s:2485   .debug_str:00000000000005e6 .LASF32
GAS LISTING C:\Users\Karzan\AppData\Local\Temp\ccz6Wz1c.s 			page 4


C:\Users\Karzan\AppData\Local\Temp\ccz6Wz1c.s:2359   .debug_str:000000000000032a .LASF33
C:\Users\Karzan\AppData\Local\Temp\ccz6Wz1c.s:2347   .debug_str:00000000000002f6 .LASF34
C:\Users\Karzan\AppData\Local\Temp\ccz6Wz1c.s:2457   .debug_str:000000000000056b .LASF35
C:\Users\Karzan\AppData\Local\Temp\ccz6Wz1c.s:2381   .debug_str:0000000000000396 .LASF36
C:\Users\Karzan\AppData\Local\Temp\ccz6Wz1c.s:2471   .debug_str:00000000000005a6 .LASF37
C:\Users\Karzan\AppData\Local\Temp\ccz6Wz1c.s:2257   .debug_str:000000000000013b .LASF38
C:\Users\Karzan\AppData\Local\Temp\ccz6Wz1c.s:2283   .debug_str:00000000000001bd .LASF39
C:\Users\Karzan\AppData\Local\Temp\ccz6Wz1c.s:2213   .debug_str:0000000000000000 .LASF40
C:\Users\Karzan\AppData\Local\Temp\ccz6Wz1c.s:2443   .debug_str:0000000000000523 .LASF41
C:\Users\Karzan\AppData\Local\Temp\ccz6Wz1c.s:2267   .debug_str:0000000000000169 .LASF42
C:\Users\Karzan\AppData\Local\Temp\ccz6Wz1c.s:2361   .debug_str:0000000000000333 .LASF43
C:\Users\Karzan\AppData\Local\Temp\ccz6Wz1c.s:2403   .debug_str:00000000000003f7 .LASF44
C:\Users\Karzan\AppData\Local\Temp\ccz6Wz1c.s:2285   .debug_str:00000000000001c5 .LASF45
C:\Users\Karzan\AppData\Local\Temp\ccz6Wz1c.s:2383   .debug_str:00000000000003a0 .LASF46
C:\Users\Karzan\AppData\Local\Temp\ccz6Wz1c.s:2251   .debug_str:0000000000000126 .LASF47
C:\Users\Karzan\AppData\Local\Temp\ccz6Wz1c.s:2219   .debug_str:000000000000001b .LASF48
C:\Users\Karzan\AppData\Local\Temp\ccz6Wz1c.s:2391   .debug_str:00000000000003bf .LASF49
C:\Users\Karzan\AppData\Local\Temp\ccz6Wz1c.s:2265   .debug_str:0000000000000162 .LASF50
C:\Users\Karzan\AppData\Local\Temp\ccz6Wz1c.s:2313   .debug_str:0000000000000243 .LASF51
C:\Users\Karzan\AppData\Local\Temp\ccz6Wz1c.s:2233   .debug_str:0000000000000071 .LASF52
C:\Users\Karzan\AppData\Local\Temp\ccz6Wz1c.s:2259   .debug_str:0000000000000149 .LASF53
C:\Users\Karzan\AppData\Local\Temp\ccz6Wz1c.s:2297   .debug_str:00000000000001f8 .LASF54
C:\Users\Karzan\AppData\Local\Temp\ccz6Wz1c.s:2345   .debug_str:00000000000002ef .LASF55
C:\Users\Karzan\AppData\Local\Temp\ccz6Wz1c.s:2421   .debug_str:000000000000044c .LASF56
C:\Users\Karzan\AppData\Local\Temp\ccz6Wz1c.s:2475   .debug_str:00000000000005c0 .LASF57
C:\Users\Karzan\AppData\Local\Temp\ccz6Wz1c.s:2249   .debug_str:0000000000000120 .LASF58
C:\Users\Karzan\AppData\Local\Temp\ccz6Wz1c.s:2467   .debug_str:0000000000000598 .LASF59
C:\Users\Karzan\AppData\Local\Temp\ccz6Wz1c.s:2271   .debug_str:0000000000000178 .LASF60
C:\Users\Karzan\AppData\Local\Temp\ccz6Wz1c.s:2277   .debug_str:0000000000000196 .LASF61
C:\Users\Karzan\AppData\Local\Temp\ccz6Wz1c.s:2225   .debug_str:0000000000000034 .LASF62
C:\Users\Karzan\AppData\Local\Temp\ccz6Wz1c.s:2337   .debug_str:00000000000002cd .LASF63
C:\Users\Karzan\AppData\Local\Temp\ccz6Wz1c.s:2395   .debug_str:00000000000003d1 .LASF64
C:\Users\Karzan\AppData\Local\Temp\ccz6Wz1c.s:2339   .debug_str:00000000000002d3 .LASF65
C:\Users\Karzan\AppData\Local\Temp\ccz6Wz1c.s:2413   .debug_str:000000000000042f .LASF66
C:\Users\Karzan\AppData\Local\Temp\ccz6Wz1c.s:2427   .debug_str:0000000000000466 .LASF67
C:\Users\Karzan\AppData\Local\Temp\ccz6Wz1c.s:2269   .debug_str:0000000000000171 .LASF68
C:\Users\Karzan\AppData\Local\Temp\ccz6Wz1c.s:2307   .debug_str:0000000000000221 .LASF69
C:\Users\Karzan\AppData\Local\Temp\ccz6Wz1c.s:2291   .debug_str:00000000000001d9 .LASF70
C:\Users\Karzan\AppData\Local\Temp\ccz6Wz1c.s:2401   .debug_str:00000000000003f2 .LASF71
C:\Users\Karzan\AppData\Local\Temp\ccz6Wz1c.s:2223   .debug_str:0000000000000029 .LASF72
C:\Users\Karzan\AppData\Local\Temp\ccz6Wz1c.s:2409   .debug_str:000000000000040e .LASF73
C:\Users\Karzan\AppData\Local\Temp\ccz6Wz1c.s:2405   .debug_str:00000000000003fc .LASF74
C:\Users\Karzan\AppData\Local\Temp\ccz6Wz1c.s:2365   .debug_str:0000000000000342 .LASF75
C:\Users\Karzan\AppData\Local\Temp\ccz6Wz1c.s:2407   .debug_str:0000000000000404 .LASF76
C:\Users\Karzan\AppData\Local\Temp\ccz6Wz1c.s:2329   .debug_str:00000000000002b0 .LASF77
C:\Users\Karzan\AppData\Local\Temp\ccz6Wz1c.s:2299   .debug_str:00000000000001fe .LASF78
C:\Users\Karzan\AppData\Local\Temp\ccz6Wz1c.s:2483   .debug_str:00000000000005e1 .LASF79
C:\Users\Karzan\AppData\Local\Temp\ccz6Wz1c.s:2369   .debug_str:0000000000000354 .LASF80
C:\Users\Karzan\AppData\Local\Temp\ccz6Wz1c.s:2309   .debug_str:0000000000000229 .LASF81
C:\Users\Karzan\AppData\Local\Temp\ccz6Wz1c.s:2275   .debug_str:000000000000018e .LASF82
C:\Users\Karzan\AppData\Local\Temp\ccz6Wz1c.s:2375   .debug_str:000000000000037e .LASF83
C:\Users\Karzan\AppData\Local\Temp\ccz6Wz1c.s:2323   .debug_str:000000000000028e .LASF84
C:\Users\Karzan\AppData\Local\Temp\ccz6Wz1c.s:2465   .debug_str:000000000000058e .LASF85
C:\Users\Karzan\AppData\Local\Temp\ccz6Wz1c.s:2261   .debug_str:0000000000000151 .LASF86
C:\Users\Karzan\AppData\Local\Temp\ccz6Wz1c.s:2255   .debug_str:0000000000000136 .LASF87
C:\Users\Karzan\AppData\Local\Temp\ccz6Wz1c.s:2429   .debug_str:000000000000046d .LASF88
C:\Users\Karzan\AppData\Local\Temp\ccz6Wz1c.s:2387   .debug_str:00000000000003ad .LASF89
GAS LISTING C:\Users\Karzan\AppData\Local\Temp\ccz6Wz1c.s 			page 5


C:\Users\Karzan\AppData\Local\Temp\ccz6Wz1c.s:2459   .debug_str:0000000000000575 .LASF90
C:\Users\Karzan\AppData\Local\Temp\ccz6Wz1c.s:2317   .debug_str:000000000000024f .LASF91
C:\Users\Karzan\AppData\Local\Temp\ccz6Wz1c.s:2385   .debug_str:00000000000003a7 .LASF92
C:\Users\Karzan\AppData\Local\Temp\ccz6Wz1c.s:2221   .debug_str:0000000000000021 .LASF93
C:\Users\Karzan\AppData\Local\Temp\ccz6Wz1c.s:2415   .debug_str:0000000000000436 .LASF94
C:\Users\Karzan\AppData\Local\Temp\ccz6Wz1c.s:2435   .debug_str:0000000000000482 .LASF95
C:\Users\Karzan\AppData\Local\Temp\ccz6Wz1c.s:2445   .debug_str:000000000000052c .LASF96
C:\Users\Karzan\AppData\Local\Temp\ccz6Wz1c.s:2453   .debug_str:0000000000000559 .LASF97
C:\Users\Karzan\AppData\Local\Temp\ccz6Wz1c.s:2439   .debug_str:000000000000048e .LASF98
C:\Users\Karzan\AppData\Local\Temp\ccz6Wz1c.s:2327   .debug_str:00000000000002a3 .LASF99
C:\Users\Karzan\AppData\Local\Temp\ccz6Wz1c.s:2473   .debug_str:00000000000005b1 .LASF100
C:\Users\Karzan\AppData\Local\Temp\ccz6Wz1c.s:2295   .debug_str:00000000000001e9 .LASF101
C:\Users\Karzan\AppData\Local\Temp\ccz6Wz1c.s:2397   .debug_str:00000000000003da .LASF102
C:\Users\Karzan\AppData\Local\Temp\ccz6Wz1c.s:2477   .debug_str:00000000000005c7 .LASF103
C:\Users\Karzan\AppData\Local\Temp\ccz6Wz1c.s:2399   .debug_str:00000000000003e5 .LASF104
C:\Users\Karzan\AppData\Local\Temp\ccz6Wz1c.s:2481   .debug_str:00000000000005d3 .LASF105
C:\Users\Karzan\AppData\Local\Temp\ccz6Wz1c.s:2241   .debug_str:00000000000000ef .LASF106
C:\Users\Karzan\AppData\Local\Temp\ccz6Wz1c.s:2463   .debug_str:0000000000000584 .LASF107
C:\Users\Karzan\AppData\Local\Temp\ccz6Wz1c.s:2325   .debug_str:0000000000000297 .LASF108
C:\Users\Karzan\AppData\Local\Temp\ccz6Wz1c.s:2449   .debug_str:0000000000000539 .LASF109
C:\Users\Karzan\AppData\Local\Temp\ccz6Wz1c.s:2281   .debug_str:00000000000001af .LASF110
C:\Users\Karzan\AppData\Local\Temp\ccz6Wz1c.s:2239   .debug_str:00000000000000e0 .LASF111
C:\Users\Karzan\AppData\Local\Temp\ccz6Wz1c.s:2279   .debug_str:000000000000019e .LASF112
C:\Users\Karzan\AppData\Local\Temp\ccz6Wz1c.s:2227   .debug_str:000000000000003a .LASF113
C:\Users\Karzan\AppData\Local\Temp\ccz6Wz1c.s:2229   .debug_str:0000000000000049 .LASF114
C:\Users\Karzan\AppData\Local\Temp\ccz6Wz1c.s:2377   .debug_str:0000000000000383 .LASF115
C:\Users\Karzan\AppData\Local\Temp\ccz6Wz1c.s:2357   .debug_str:0000000000000323 .LASF116
C:\Users\Karzan\AppData\Local\Temp\ccz6Wz1c.s:2349   .debug_str:0000000000000300 .LASF117
C:\Users\Karzan\AppData\Local\Temp\ccz6Wz1c.s:2469   .debug_str:000000000000059e .LASF118
C:\Users\Karzan\AppData\Local\Temp\ccz6Wz1c.s:2341   .debug_str:00000000000002db .LASF133
C:\Users\Karzan\AppData\Local\Temp\ccz6Wz1c.s:2423   .debug_str:0000000000000452 .LASF119
C:\Users\Karzan\AppData\Local\Temp\ccz6Wz1c.s:2451   .debug_str:0000000000000546 .LASF120
C:\Users\Karzan\AppData\Local\Temp\ccz6Wz1c.s:2273   .debug_str:0000000000000181 .LASF121
C:\Users\Karzan\AppData\Local\Temp\ccz6Wz1c.s:2393   .debug_str:00000000000003c7 .LASF122
C:\Users\Karzan\AppData\Local\Temp\ccz6Wz1c.s:2315   .debug_str:0000000000000249 .LASF123
C:\Users\Karzan\AppData\Local\Temp\ccz6Wz1c.s:2333   .debug_str:00000000000002be .LASF124
C:\Users\Karzan\AppData\Local\Temp\ccz6Wz1c.s:2351   .debug_str:0000000000000309 .LASF125
C:\Users\Karzan\AppData\Local\Temp\ccz6Wz1c.s:2355   .debug_str:000000000000031c .LASF126
C:\Users\Karzan\AppData\Local\Temp\ccz6Wz1c.s:2433   .debug_str:000000000000047b .LASF127
C:\Users\Karzan\AppData\Local\Temp\ccz6Wz1c.s:2479   .debug_str:00000000000005cc .LASF128
C:\Users\Karzan\AppData\Local\Temp\ccz6Wz1c.s:2343   .debug_str:00000000000002e6 .LASF129
C:\Users\Karzan\AppData\Local\Temp\ccz6Wz1c.s:2363   .debug_str:000000000000033b .LASF134
C:\Users\Karzan\AppData\Local\Temp\ccz6Wz1c.s:14     .text._lseek:0000000000000000 .LFB1
C:\Users\Karzan\AppData\Local\Temp\ccz6Wz1c.s:41     .text._lseek:000000000000001a .LFE1
C:\Users\Karzan\AppData\Local\Temp\ccz6Wz1c.s:2132   .debug_loc:0000000000000000 .LLST0
C:\Users\Karzan\AppData\Local\Temp\ccz6Wz1c.s:2150   .debug_loc:000000000000002c .LLST1
C:\Users\Karzan\AppData\Local\Temp\ccz6Wz1c.s:2164   .debug_loc:000000000000004d .LLST2
C:\Users\Karzan\AppData\Local\Temp\ccz6Wz1c.s:2178   .debug_loc:000000000000006e .LLST3
C:\Users\Karzan\AppData\Local\Temp\ccz6Wz1c.s:28     .text._lseek:000000000000000c .LVL1
C:\Users\Karzan\AppData\Local\Temp\ccz6Wz1c.s:2237   .debug_str:00000000000000da .LASF135
C:\Users\Karzan\AppData\Local\Temp\ccz6Wz1c.s:2217   .debug_str:0000000000000014 .LASF136
C:\Users\Karzan\AppData\Local\Temp\ccz6Wz1c.s:22     .text._lseek:0000000000000002 .LCFI0
C:\Users\Karzan\AppData\Local\Temp\ccz6Wz1c.s:37     .text._lseek:0000000000000018 .LCFI1
C:\Users\Karzan\AppData\Local\Temp\ccz6Wz1c.s:18     .text._lseek:0000000000000000 .LVL0
C:\Users\Karzan\AppData\Local\Temp\ccz6Wz1c.s:54     .debug_info:0000000000000000 .Ldebug_info0

UNDEFINED SYMBOLS
GAS LISTING C:\Users\Karzan\AppData\Local\Temp\ccz6Wz1c.s 			page 6


isatty
